 - WARNING: No snapshots created in the last 24 hours. Manual snapshot triggered.\n2026-04-09 02:49:08 - === Starting backup validation ===
2026-04-09 02:49:08 - OK: MEMORY.md validated.
2026-04-09 02:49:08 - OK: AGENTS.md validated.
2026-04-09 02:49:08 - OK: TOOLS.md validated.
2026-04-09 02:49:08 - OK: HEARTBEAT.md validated.
2026-04-09 02:49:08 - OK: SOUL.md validated.
2026-04-09 02:49:08 - OK: USER.md validated.
2026-04-09 02:49:08 - OK: Snapshot script is executable.
2026-04-09 02:49:08 - OK: Backup directory exists at /home/node/.openclaw/backups.
2026-04-09 02:49:08 - OK: Recent snapshot found: snapshot-20260409-020013-manual_trigger.tar.gz.
2026-04-09 02:49:08 - Validation passed. All critical checks successful.
2026-04-09 03:49:10 - === Starting backup validation ===
2026-04-09 03:49:10 - OK: MEMORY.md validated.
2026-04-09 03:49:10 - OK: AGENTS.md validated.
2026-04-09 03:49:10 - OK: TOOLS.md validated.
2026-04-09 03:49:10 - OK: HEARTBEAT.md validated.
2026-04-09 03:49:10 - OK: SOUL.md validated.
2026-04-09 03:49:10 - OK: USER.md validated.
2026-04-09 03:49:10 - OK: Snapshot script is executable.
2026-04-09 03:49:10 - OK: Backup directory exists at /home/node/.openclaw/backups.
2026-04-09 03:49:10 - OK: Recent snapshot found: snapshot-20260409-020013-manual_trigger.tar.gz.
2026-04-09 03:49:10 - Validation passed. All critical checks successful.
2026-04-09 06:00:10 - === Starting backup validation ===
2026-04-09 06:00:10 - OK: MEMORY.md validated.
2026-04-09 06:00:10 - OK: AGENTS.md validated.
2026-04-09 06:00:10 - OK: TOOLS.md validated.
2026-04-09 06:00:10 - OK: HEARTBEAT.md validated.
2026-04-09 06:00:10 - OK: SOUL.md validated.
2026-04-09 06:00:10 - OK: USER.md validated.
2026-04-09 06:00:10 - OK: Snapshot script is executable.
2026-04-09 06:00:10 - OK: Backup directory exists at /home/node/.openclaw/backups.
2026-04-09 06:00:10 - OK: Recent snapshot found: snapshot-20260409-020013-manual_trigger.tar.gz.
2026-04-09 06:00:10 - Validation passed. All critical checks successful.
2026-04-09 16:00:26 - === Starting backup validation ===
2026-04-09 16:00:26 - OK: MEMORY.md validated.
2026-04-09 16:00:26 - OK: AGENTS.md validated.
2026-04-09 16:00:26 - OK: TOOLS.md validated.
2026-04-09 16:00:26 - OK: HEARTBEAT.md validated.
2026-04-09 16:00:26 - OK: SOUL.md validated.
2026-04-09 16:00:26 - OK: USER.md validated.
2026-04-09 16:00:26 - OK: Snapshot script is executable.
2026-04-09 16:00:26 - OK: Backup directory exists at /home/node/.openclaw/backups.
2026-04-09 16:00:26 - OK: Recent snapshot found: snapshot-20260409-020013-manual_trigger.tar.gz.
2026-04-09 16:00:26 - Validation passed. All critical checks successful.
2026-04-10 02:00:14 - === Starting backup validation ===
2026-04-10 02:00:14 - OK: MEMORY.md validated.
2026-04-10 02:00:14 - OK: AGENTS.md validated.
2026-04-10 02:00:14 - OK: TOOLS.md validated.
2026-04-10 02:00:14 - OK: HEARTBEAT.md validated.
2026-04-10 02:00:14 - OK: SOUL.md validated.
2026-04-10 02:00:14 - OK: USER.md validated.
2026-04-10 02:00:14 - OK: Snapshot script is executable.
2026-04-10 02:00:14 - OK: Backup directory exists at /home/node/.openclaw/backups.
2026-04-10 02:00:14 - WARNING: No snapshots created in the last 24 hours. Backup process may be failing.
2026-04-10 02:00:14 - Validation passed. All critical checks successful.
