2026-04-07: WARNING: No snapshots created in the last 24 hours. Manual snapshot triggered.2026-04-07 20:29:44 - === Starting backup validation ===
2026-04-07 20:29:44 - OK: MEMORY.md validated.
2026-04-07 20:29:44 - OK: AGENTS.md validated.
2026-04-07 20:29:44 - OK: TOOLS.md validated.
2026-04-07 20:29:44 - OK: HEARTBEAT.md validated.
2026-04-07 20:29:44 - OK: SOUL.md validated.
2026-04-07 20:29:44 - OK: USER.md validated.
2026-04-07 20:29:44 - OK: Snapshot script is executable.
2026-04-07 20:29:44 - OK: Backup directory exists at /home/node/.openclaw/backups.
2026-04-07 20:29:44 - OK: Recent snapshot found: snapshot-20260407-200012-manual_trigger.tar.gz.
2026-04-07 20:29:44 - Validation passed. All critical checks successful.
2026-04-07 21:00:11 - Snapshot triggered due to: manual_trigger
2026-04-07 21:00:14 - === Starting backup validation ===
2026-04-07 21:00:14 - OK: MEMORY.md validated.
2026-04-07 21:00:14 - OK: AGENTS.md validated.
2026-04-07 21:00:14 - OK: TOOLS.md validated.
2026-04-07 21:00:14 - OK: HEARTBEAT.md validated.
2026-04-07 21:00:14 - OK: SOUL.md validated.
2026-04-07 21:00:14 - OK: USER.md validated.
2026-04-07 21:00:14 - OK: Snapshot script is executable.
2026-04-07 21:00:14 - OK: Backup directory exists at /home/node/.openclaw/backups.
2026-04-07 21:00:14 - OK: Recent snapshot found: snapshot-20260407-200012-manual_trigger.tar.gz.
2026-04-07 21:00:14 - Validation passed. All critical checks successful.
2026-04-07 21:29:45 - === Starting backup validation ===
2026-04-07 21:29:45 - OK: MEMORY.md validated.
2026-04-07 21:29:45 - OK: AGENTS.md validated.
2026-04-07 21:29:45 - OK: TOOLS.md validated.
2026-04-07 21:29:45 - OK: HEARTBEAT.md validated.
2026-04-07 21:29:45 - OK: SOUL.md validated.
2026-04-07 21:29:45 - OK: USER.md validated.
2026-04-07 21:29:45 - OK: Snapshot script is executable.
2026-04-07 21:29:45 - OK: Backup directory exists at /home/node/.openclaw/backups.
2026-04-07 21:29:45 - OK: Recent snapshot found: snapshot-20260407-200012-manual_trigger.tar.gz.
2026-04-07 21:29:45 - Validation passed. All critical checks successful.
2026-04-07 22:00:11 - === Starting backup validation ===
2026-04-07 22:00:11 - OK: MEMORY.md validated.
2026-04-07 22:00:11 - OK: AGENTS.md validated.
2026-04-07 22:00:11 - OK: TOOLS.md validated.
2026-04-07 22:00:11 - OK: HEARTBEAT.md validated.
2026-04-07 22:00:11 - OK: SOUL.md validated.
2026-04-07 22:00:11 - OK: USER.md validated.
2026-04-07 22:00:11 - OK: Snapshot script is executable.
2026-04-07 22:00:11 - OK: Backup directory exists at /home/node/.openclaw/backups.
2026-04-07 22:00:11 - OK: Recent snapshot found: snapshot-20260407-200012-manual_trigger.tar.gz.
2026-04-07 22:00:11 - Validation passed. All critical checks successful.
2026-04-07 22:29:46 - === Starting backup validation ===
2026-04-07 22:29:46 - OK: MEMORY.md validated.
2026-04-07 22:29:46 - OK: AGENTS.md validated.
2026-04-07 22:29:46 - OK: TOOLS.md validated.
2026-04-07 22:29:46 - OK: HEARTBEAT.md validated.
2026-04-07 22:29:46 - OK: SOUL.md validated.
2026-04-07 22:29:46 - OK: USER.md validated.
2026-04-07 22:29:46 - OK: Snapshot script is executable.
2026-04-07 22:29:46 - OK: Backup directory exists at /home/node/.openclaw/backups.
2026-04-07 22:29:46 - OK: Recent snapshot found: snapshot-20260407-200012-manual_trigger.tar.gz.
2026-04-07 22:29:46 - Validation passed. All critical checks successful.
2026-04-07 23:29:47 - === Starting backup validation ===
2026-04-07 23:29:47 - OK: MEMORY.md validated.
2026-04-07 23:29:47 - OK: AGENTS.md validated.
2026-04-07 23:29:47 - OK: TOOLS.md validated.
2026-04-07 23:29:47 - OK: HEARTBEAT.md validated.
2026-04-07 23:29:47 - OK: SOUL.md validated.
2026-04-07 23:29:47 - OK: USER.md validated.
2026-04-07 23:29:47 - OK: Snapshot script is executable.
2026-04-07 23:29:47 - OK: Backup directory exists at /home/node/.openclaw/backups.
2026-04-07 23:29:47 - OK: Recent snapshot found: snapshot-20260407-200012-manual_trigger.tar.gz.
2026-04-07 23:29:47 - Validation passed. All critical checks successful.
2026-04-08 00:00:32 - === Starting backup validation ===
2026-04-08 00:00:32 - OK: MEMORY.md validated.
2026-04-08 00:00:32 - OK: AGENTS.md validated.
2026-04-08 00:00:32 - OK: TOOLS.md validated.
2026-04-08 00:00:32 - OK: HEARTBEAT.md validated.
2026-04-08 00:00:32 - OK: SOUL.md validated.
2026-04-08 00:00:32 - OK: USER.md validated.
2026-04-08 00:00:32 - OK: Snapshot script is executable.
2026-04-08 00:00:32 - OK: Backup directory exists at /home/node/.openclaw/backups.
2026-04-08 00:00:32 - OK: Recent snapshot found: snapshot-20260407-200012-manual_trigger.tar.gz.
2026-04-08 00:00:32 - Validation passed. All critical checks successful.
2026-04-08 00:29:48 - === Starting backup validation ===
2026-04-08 00:29:48 - OK: MEMORY.md validated.
2026-04-08 00:29:48 - OK: AGENTS.md validated.
2026-04-08 00:29:48 - OK: TOOLS.md validated.
2026-04-08 00:29:48 - OK: HEARTBEAT.md validated.
2026-04-08 00:29:48 - OK: SOUL.md validated.
2026-04-08 00:29:48 - OK: USER.md validated.
2026-04-08 00:29:48 - OK: Snapshot script is executable.
2026-04-08 00:29:48 - OK: Backup directory exists at /home/node/.openclaw/backups.
2026-04-08 00:29:48 - OK: Recent snapshot found: snapshot-20260407-200012-manual_trigger.tar.gz.
2026-04-08 00:29:48 - Validation passed. All critical checks successful.
2026-04-08 01:00:10 - === Starting backup validation ===
2026-04-08 01:00:10 - OK: MEMORY.md validated.
2026-04-08 01:00:10 - OK: AGENTS.md validated.
2026-04-08 01:00:10 - OK: TOOLS.md validated.
2026-04-08 01:00:10 - OK: HEARTBEAT.md validated.
2026-04-08 01:00:10 - OK: SOUL.md validated.
2026-04-08 01:00:10 - OK: USER.md validated.
2026-04-08 01:00:10 - OK: Snapshot script is executable.
2026-04-08 01:00:10 - OK: Backup directory exists at /home/node/.openclaw/backups.
2026-04-08 01:00:10 - OK: Recent snapshot found: snapshot-20260407-200012-manual_trigger.tar.gz.
2026-04-08 01:00:10 - Validation passed. All critical checks successful.
2026-04-08 01:29:48 - === Starting backup validation ===
2026-04-08 01:29:48 - OK: MEMORY.md validated.
2026-04-08 01:29:48 - OK: AGENTS.md validated.
2026-04-08 01:29:48 - OK: TOOLS.md validated.
2026-04-08 01:29:48 - OK: HEARTBEAT.md validated.
2026-04-08 01:29:48 - OK: SOUL.md validated.
2026-04-08 01:29:48 - OK: USER.md validated.
2026-04-08 01:29:48 - OK: Snapshot script is executable.
2026-04-08 01:29:48 - OK: Backup directory exists at /home/node/.openclaw/backups.
2026-04-08 01:29:48 - OK: Recent snapshot found: snapshot-20260407-200012-manual_trigger.tar.gz.
2026-04-08 01:29:48 - Validation passed. All critical checks successful.
2026-04-08 02:00:11 - === Starting backup validation ===
2026-04-08 02:00:11 - OK: MEMORY.md validated.
2026-04-08 02:00:11 - OK: AGENTS.md validated.
2026-04-08 02:00:11 - OK: TOOLS.md validated.
2026-04-08 02:00:11 - OK: HEARTBEAT.md validated.
2026-04-08 02:00:11 - OK: SOUL.md validated.
2026-04-08 02:00:11 - OK: USER.md validated.
2026-04-08 02:00:11 - OK: Snapshot script is executable.
2026-04-08 02:00:11 - OK: Backup directory exists at /home/node/.openclaw/backups.
2026-04-08 02:00:11 - OK: Recent snapshot found: snapshot-20260407-200012-manual_trigger.tar.gz.
2026-04-08 02:00:11 - Validation passed. All critical checks successful.
2026-04-08 02:29:44 - === Starting backup validation ===
2026-04-08 02:29:44 - OK: MEMORY.md validated.
2026-04-08 02:29:44 - OK: AGENTS.md validated.
2026-04-08 02:29:44 - OK: TOOLS.md validated.
2026-04-08 02:29:44 - OK: HEARTBEAT.md validated.
2026-04-08 02:29:44 - OK: SOUL.md validated.
2026-04-08 02:29:44 - OK: USER.md validated.
2026-04-08 02:29:44 - OK: Snapshot script is executable.
2026-04-08 02:29:44 - OK: Backup directory exists at /home/node/.openclaw/backups.
2026-04-08 02:29:44 - OK: Recent snapshot found: snapshot-20260407-200012-manual_trigger.tar.gz.
2026-04-08 02:29:44 - Validation passed. All critical checks successful.
