[2026-05-04 18:11:33] === GitHub Backup Sync Started ===
[2026-05-04 18:11:33] ERROR: SSH key not found at /root/.ssh/id_ed25519
[2026-05-05 02:45:01] === GitHub Backup Sync Started ===
[2026-05-05 02:45:01] Checking Git config...
[2026-05-05 02:45:01] Staging new backups...
[2026-05-05 02:45:01] WARNING: git add failed — permission or permission issue
[2026-05-05 02:45:01] Pushing to GitHub...
fatal: detected dubious ownership in repository at '/opt/openclaw/data/workspace/backup_repo'
To add an exception for this directory, call:

	git config --global --add safe.directory /opt/openclaw/data/workspace/backup_repo
[2026-05-05 02:45:01] ERROR: Push failed — check SSH key or GitHub access
[2026-05-05 02:45:01] === GitHub Backup Sync Completed ===
[2026-05-05 02:45:01] Sending Telegram notification...
[2026-05-06 02:45:01] === GitHub Backup Sync Started ===
[2026-05-06 02:45:01] Checking Git config...
[2026-05-06 02:45:01] Staging new backups...
[2026-05-06 02:45:01] ✓ Files staged
[2026-05-06 02:45:01] ✓ No changes to commit
[2026-05-06 02:45:01] Pushing to GitHub...
Everything up-to-date
[2026-05-06 02:45:04] ✓ Push successful
[2026-05-06 02:45:04] === GitHub Backup Sync Completed ===
[2026-05-06 02:45:04] Sending Telegram notification...
[2026-05-07 02:45:01] === GitHub Backup Sync Started ===
[2026-05-07 02:45:01] Checking Git config...
[2026-05-07 02:45:01] Staging new backups...
[2026-05-07 02:45:03] ✓ Files staged
[2026-05-07 02:45:03] ✓ No changes to commit
[2026-05-07 02:45:03] Pushing to GitHub...
Everything up-to-date
[2026-05-07 02:45:05] ✓ Push successful
[2026-05-07 02:45:05] === GitHub Backup Sync Completed ===
[2026-05-07 02:45:05] Sending Telegram notification...
[2026-05-08 02:45:01] === GitHub Backup Sync Started ===
[2026-05-08 02:45:01] Checking Git config...
[2026-05-08 02:45:01] Staging new backups...
[2026-05-08 02:45:03] ✓ Files staged
[2026-05-08 02:45:03] ✓ No changes to commit
[2026-05-08 02:45:03] Pushing to GitHub...
Everything up-to-date
[2026-05-08 02:45:05] ✓ Push successful
[2026-05-08 02:45:05] === GitHub Backup Sync Completed ===
[2026-05-08 02:45:05] Sending Telegram notification...
[2026-05-09 02:45:01] === GitHub Backup Sync Started ===
[2026-05-09 02:45:01] Checking Git config...
[2026-05-09 02:45:01] Staging new backups...
[2026-05-09 02:45:03] ✓ Files staged
[2026-05-09 02:45:03] ✓ No changes to commit
[2026-05-09 02:45:03] Pushing to GitHub...
Everything up-to-date
[2026-05-09 02:45:05] ✓ Push successful
[2026-05-09 02:45:05] === GitHub Backup Sync Completed ===
[2026-05-09 02:45:05] Sending Telegram notification...
[2026-05-10 02:45:01] === GitHub Backup Sync Started ===
[2026-05-10 02:45:01] Checking Git config...
[2026-05-10 02:45:01] Staging new backups...
[2026-05-10 02:45:03] ✓ Files staged
[2026-05-10 02:45:03] ✓ No changes to commit
[2026-05-10 02:45:03] Pushing to GitHub...
Everything up-to-date
[2026-05-10 02:45:05] ✓ Push successful
[2026-05-10 02:45:05] === GitHub Backup Sync Completed ===
[2026-05-10 02:45:05] Sending Telegram notification...
[2026-05-11 02:45:01] === GitHub Backup Sync Started ===
[2026-05-11 02:45:01] Checking Git config...
[2026-05-11 02:45:01] Staging new backups...
[2026-05-11 02:45:03] ✓ Files staged
[2026-05-11 02:45:03] ✓ No changes to commit
[2026-05-11 02:45:03] Pushing to GitHub...
Everything up-to-date
[2026-05-11 02:45:05] ✓ Push successful
[2026-05-11 02:45:05] === GitHub Backup Sync Completed ===
[2026-05-11 02:45:05] Sending Telegram notification...
[2026-05-12 02:45:01] === GitHub Backup Sync Started ===
[2026-05-12 02:45:01] Checking Git config...
[2026-05-12 02:45:01] Staging new backups...
[2026-05-12 02:45:03] ✓ Files staged
[2026-05-12 02:45:03] ✓ No changes to commit
[2026-05-12 02:45:03] Pushing to GitHub...
Everything up-to-date
[2026-05-12 02:45:05] ✓ Push successful
[2026-05-12 02:45:05] === GitHub Backup Sync Completed ===
[2026-05-12 02:45:05] Sending Telegram notification...
[2026-05-13 02:45:01] === GitHub Backup Sync Started ===
[2026-05-13 02:45:01] Checking Git config...
[2026-05-13 02:45:01] Staging new backups...
[2026-05-13 02:45:03] ✓ Files staged
[2026-05-13 02:45:04] ✓ No changes to commit
[2026-05-13 02:45:04] Pushing to GitHub...
Everything up-to-date
[2026-05-13 02:45:06] ✓ Push successful
[2026-05-13 02:45:06] === GitHub Backup Sync Completed ===
[2026-05-13 02:45:06] Sending Telegram notification...
[2026-05-14 02:45:01] === GitHub Backup Sync Started ===
[2026-05-14 02:45:01] Checking Git config...
[2026-05-14 02:45:01] Staging new backups...
[2026-05-14 02:45:03] ✓ Files staged
[2026-05-14 02:45:03] ✓ No changes to commit
[2026-05-14 02:45:03] Pushing to GitHub...
Everything up-to-date
[2026-05-14 02:45:06] ✓ Push successful
[2026-05-14 02:45:06] === GitHub Backup Sync Completed ===
[2026-05-14 02:45:06] Sending Telegram notification...
[2026-05-15 02:45:01] === GitHub Backup Sync Started ===
[2026-05-15 02:45:01] Checking Git config...
[2026-05-15 02:45:01] Staging new backups...
[2026-05-15 02:45:04] ✓ Files staged
[2026-05-15 02:45:04] ✓ No changes to commit
[2026-05-15 02:45:04] Pushing to GitHub...
Everything up-to-date
[2026-05-15 02:45:06] ✓ Push successful
[2026-05-15 02:45:06] === GitHub Backup Sync Completed ===
[2026-05-15 02:45:06] Sending Telegram notification...
[2026-05-16 02:45:02] === GitHub Backup Sync Started ===
[2026-05-16 02:45:02] Checking Git config...
[2026-05-16 02:45:02] Staging new backups...
[2026-05-16 02:45:04] ✓ Files staged
[2026-05-16 02:45:04] ✓ No changes to commit
[2026-05-16 02:45:04] Pushing to GitHub...
Everything up-to-date
[2026-05-16 02:45:06] ✓ Push successful
[2026-05-16 02:45:06] === GitHub Backup Sync Completed ===
[2026-05-16 02:45:06] Sending Telegram notification...
[2026-05-17 02:45:01] === GitHub Backup Sync Started ===
[2026-05-17 02:45:01] Checking Git config...
[2026-05-17 02:45:01] Staging new backups...
[2026-05-17 02:45:03] ✓ Files staged
[2026-05-17 02:45:03] ✓ No changes to commit
[2026-05-17 02:45:03] Pushing to GitHub...
Everything up-to-date
[2026-05-17 02:45:06] ✓ Push successful
[2026-05-17 02:45:06] === GitHub Backup Sync Completed ===
[2026-05-17 02:45:06] Sending Telegram notification...
