2026-05-04 00:01:04 - Log rotated. Archived: backup_incidents-20260504-000104.log (was 2630 lines)
2026-05-04 00:01:04 - === Starting backup validation ===
2026-05-04 00:01:04 - OK: MEMORY.md validated.
2026-05-04 00:01:04 - OK: AGENTS.md validated.
2026-05-04 00:01:04 - OK: TOOLS.md validated.
2026-05-04 00:01:04 - OK: HEARTBEAT.md validated.
2026-05-04 00:01:04 - OK: SOUL.md validated.
2026-05-04 00:01:04 - OK: USER.md validated.
2026-05-04 00:01:28 - OK: Snapshot script is executable.
2026-05-04 00:01:28 - OK: Backup directory exists at /home/node/.openclaw/backups.
2026-05-04 00:01:28 - OK: Recent snapshot found: snapshot-20260503-120105-daily-auto.tar.gz.
2026-05-04 00:01:28 - Validation passed. All critical checks successful.
2026-05-04 00:01:41 - === Starting backup validation ===
2026-05-04 00:01:41 - OK: MEMORY.md validated.
2026-05-04 00:01:41 - OK: AGENTS.md validated.
2026-05-04 00:01:41 - OK: TOOLS.md validated.
2026-05-04 00:01:41 - OK: HEARTBEAT.md validated.
2026-05-04 00:01:41 - OK: SOUL.md validated.
2026-05-04 00:01:41 - OK: USER.md validated.
2026-05-04 00:01:57 - OK: Snapshot script is executable.
2026-05-04 00:01:57 - OK: Backup directory exists at /home/node/.openclaw/backups.
2026-05-04 00:01:57 - OK: Recent snapshot found: snapshot-20260503-120105-daily-auto.tar.gz.
2026-05-04 00:01:57 - Validation passed. All critical checks successful.
2026-05-04 00:02:51 - === Starting backup validation ===
2026-05-04 00:02:51 - OK: MEMORY.md validated.
2026-05-04 00:02:51 - OK: AGENTS.md validated.
2026-05-04 00:02:51 - OK: TOOLS.md validated.
2026-05-04 00:02:51 - OK: HEARTBEAT.md validated.
2026-05-04 00:02:51 - OK: SOUL.md validated.
2026-05-04 00:02:51 - OK: USER.md validated.
2026-05-04 00:03:07 - OK: Snapshot script is executable.
2026-05-04 00:03:07 - OK: Backup directory exists at /home/node/.openclaw/backups.
2026-05-04 00:03:07 - OK: Recent snapshot found: snapshot-20260503-120105-daily-auto.tar.gz.
2026-05-04 00:03:07 - Validation passed. All critical checks successful.
2026-05-12 00:00:42 - === Starting backup validation ===
2026-05-12 00:00:42 - OK: MEMORY.md validated.
2026-05-12 00:00:42 - OK: AGENTS.md validated.
2026-05-12 00:00:42 - OK: TOOLS.md validated.
2026-05-12 00:00:42 - OK: HEARTBEAT.md validated.
2026-05-12 00:00:42 - OK: SOUL.md validated.
2026-05-12 00:00:42 - OK: USER.md validated.
2026-05-12 00:00:42 - OK: Snapshot script is executable.
2026-05-12 00:00:42 - OK: Backup directory exists at /home/node/.openclaw/backups.
2026-05-12 00:00:42 - OK: Recent snapshot found: snapshot-20260512-000042-Critical rules validation.tar.gz.
2026-05-12 00:00:42 - Validation passed. All critical checks successful.
2026-05-12 00:01:41 - === Starting backup validation ===
2026-05-12 00:01:41 - OK: MEMORY.md validated.
2026-05-12 00:01:41 - OK: AGENTS.md validated.
2026-05-12 00:01:41 - OK: TOOLS.md validated.
2026-05-12 00:01:41 - OK: HEARTBEAT.md validated.
2026-05-12 00:01:41 - OK: SOUL.md validated.
2026-05-12 00:01:41 - OK: USER.md validated.
2026-05-12 00:01:41 - OK: Snapshot script is executable.
2026-05-12 00:01:41 - OK: Backup directory exists at /home/node/.openclaw/backups.
2026-05-12 00:01:41 - OK: Recent snapshot found: snapshot-20260512-000042-Critical rules validation.tar.gz.
2026-05-12 00:01:41 - Validation passed. All critical checks successful.
2026-05-12 23:02:04 - === Starting backup validation ===
2026-05-12 23:02:04 - OK: MEMORY.md validated.
2026-05-12 23:02:04 - OK: AGENTS.md validated.
2026-05-12 23:02:04 - OK: TOOLS.md validated.
2026-05-12 23:02:04 - OK: HEARTBEAT.md validated.
2026-05-12 23:02:04 - OK: SOUL.md validated.
2026-05-12 23:02:04 - OK: USER.md validated.
2026-05-12 23:02:04 - OK: Snapshot script is executable.
2026-05-12 23:02:04 - OK: Backup directory exists at /home/node/.openclaw/backups.
2026-05-12 23:02:04 - OK: Recent snapshot found: snapshot-20260512-000042-Critical rules validation.tar.gz.
2026-05-12 23:02:04 - Validation passed. All critical checks successful.
⚠️  Last Snapshot: No record found. Run   manually.
2026-05-17 00:00:54 - === Starting backup validation ===
2026-05-17 00:00:54 - OK: MEMORY.md validated.
2026-05-17 00:00:54 - OK: AGENTS.md validated.
2026-05-17 00:00:54 - OK: TOOLS.md validated.
2026-05-17 00:00:54 - OK: HEARTBEAT.md validated.
2026-05-17 00:00:54 - OK: SOUL.md validated.
2026-05-17 00:00:54 - OK: USER.md validated.
2026-05-17 00:00:55 - OK: Snapshot script is executable.
2026-05-17 00:00:55 - OK: Backup directory exists at /home/node/.openclaw/backups.
2026-05-17 00:00:55 - OK: Recent snapshot found: snapshot-20260517-000054-Critical rules validation.tar.gz.
2026-05-17 00:00:55 - Validation passed. All critical checks successful.
2026-05-17 00:01:11 - === Starting backup validation ===
2026-05-17 00:01:11 - OK: MEMORY.md validated.
2026-05-17 00:01:11 - OK: AGENTS.md validated.
2026-05-17 00:01:11 - OK: TOOLS.md validated.
2026-05-17 00:01:11 - OK: HEARTBEAT.md validated.
2026-05-17 00:01:11 - OK: SOUL.md validated.
2026-05-17 00:01:11 - OK: USER.md validated.
2026-05-17 00:01:11 - OK: Snapshot script is executable.
2026-05-17 00:01:11 - OK: Backup directory exists at /home/node/.openclaw/backups.
2026-05-17 00:01:11 - OK: Recent snapshot found: snapshot-20260517-000111-Critical rules validation.tar.gz.
2026-05-17 00:01:11 - Validation passed. All critical checks successful.
2026-05-18 00:01:45 - === Starting backup validation ===
2026-05-18 00:01:45 - OK: MEMORY.md validated.
2026-05-18 00:01:45 - OK: AGENTS.md validated.
2026-05-18 00:01:45 - OK: TOOLS.md validated.
2026-05-18 00:01:45 - OK: HEARTBEAT.md validated.
2026-05-18 00:01:45 - OK: SOUL.md validated.
2026-05-18 00:01:45 - OK: USER.md validated.
2026-05-18 00:01:45 - OK: Snapshot script is executable.
2026-05-18 00:01:45 - OK: Backup directory exists at /home/node/.openclaw/backups.
2026-05-18 00:01:45 - OK: Recent snapshot found: snapshot-20260518-000145-Critical rules validation.tar.gz.
2026-05-18 00:01:45 - Validation passed. All critical checks successful.
2026-05-18 00:01:59 - === Starting backup validation ===
2026-05-18 00:01:59 - OK: MEMORY.md validated.
2026-05-18 00:01:59 - OK: AGENTS.md validated.
2026-05-18 00:01:59 - OK: TOOLS.md validated.
2026-05-18 00:01:59 - OK: HEARTBEAT.md validated.
2026-05-18 00:01:59 - OK: SOUL.md validated.
2026-05-18 00:01:59 - OK: USER.md validated.
2026-05-18 00:02:00 - OK: Snapshot script is executable.
2026-05-18 00:02:00 - OK: Backup directory exists at /home/node/.openclaw/backups.
2026-05-18 00:02:00 - OK: Recent snapshot found: snapshot-20260518-000145-Critical rules validation.tar.gz.
2026-05-18 00:02:00 - Validation passed. All critical checks successful.
