2026-03-02 00:02:40 - Validation passed. All critical files are intact.
2026-03-02 00:02:50 - Validation passed. All critical files are intact.
2026-03-02 04:07:15 - Validation passed. All critical files are intact.
2026-03-02 07:07:16 - Validation passed. All critical files are intact.
2026-03-02 08:07:17 - Validation passed. All critical files are intact.
2026-03-02 08:37:17 - Validation passed. All critical files are intact.
2026-03-02 09:37:18 - Validation passed. All critical files are intact.
2026-03-02 10:07:15 - Validation passed. All critical files are intact.
2026-03-02 10:37:23 - Validation passed. All critical files are intact.
2026-03-02 11:07:17 - Validation passed. All critical files are intact.
2026-03-02 11:37:19 - Validation passed. All critical files are intact.
2026-03-06 17:41:51 - Validation passed. All critical files are intact.
2026-03-07 05:20:26 - Validation passed. All critical files are intact.
2026-03-07 15:22:43 - Validation passed. All critical files are intact.
2026-03-09 12:06:30 - Validation passed. All critical files are intact.
2026-03-12 17:59:31 - Validation passed. All critical files are intact.
2026-03-15 17:14:06 - Validation passed. All critical files are intact.
2026-03-16 21:04:39 - Validation passed. All critical files are intact.
2026-03-16 21:36:23 - Validation passed. All critical files are intact.
2026-03-20 19:10:54 - Validation passed. All critical files are intact.
2026-03-21 04:11:33 - Validation passed. All critical files are intact.
2026-03-21 05:10:52 - Validation passed. All critical files are intact.
2026-03-21 06:10:59 - Validation passed. All critical files are intact.
2026-03-21 07:10:49 - Validation passed. All critical files are intact.
2026-03-22 19:34:58 - Validation passed. All critical files are intact.
2026-03-22 19:36:26 - Validation passed. All critical files are intact.
2026-03-22 19:38:13 - Validation passed. All critical files are intact.
2026-03-22 19:41:03 - Validation passed. All critical files are intact.
2026-03-22 19:42:08 - Validation passed. All critical files are intact.
2026-03-22 19:45:31 - Validation passed. All critical files are intact.
2026-03-22 20:05:40 - Validation passed. All critical files are intact.
2026-03-22 20:36:36 - Validation passed. All critical files are intact.
2026-03-22 21:07:41 - Validation passed. All critical files are intact.
2026-03-22 21:38:38 - Validation passed. All critical files are intact.
2026-03-22 22:37:44 - Validation passed. All critical files are intact.
2026-03-22 23:06:19 - Validation passed. All critical files are intact.
2026-03-23 00:06:05 - Validation passed. All critical files are intact.
2026-03-23 07:07:53 - Validation passed. All critical files are intact.
2026-03-23 07:35:57 - Validation passed. All critical files are intact.
2026-03-23 08:06:22 - Validation passed. All critical files are intact.
2026-03-23 08:37:21 - Validation passed. All critical files are intact.
2026-03-23 08:44:42 - Validation passed. All critical files are intact.
2026-03-23 09:05:50 - Validation passed. All critical files are intact.
2026-03-23 09:35:28 - Validation passed. All critical files are intact.
2026-03-23 10:09:44 - Validation passed. All critical files are intact.
2026-03-23 10:37:01 - Validation passed. All critical files are intact.
2026-03-23 11:06:20 - Validation passed. All critical files are intact.
2026-03-23 11:35:15 - Validation passed. All critical files are intact.
2026-03-23 12:00:28 - Validation passed. All critical files are intact.
2026-03-23 12:06:07 - Validation passed. All critical files are intact.
2026-03-23 12:37:33 - Validation passed. All critical files are intact.
2026-03-23 13:35:50 - Validation passed. All critical files are intact.
2026-03-23 14:07:30 - Validation passed. All critical files are intact.
2026-03-23 14:51:47 - Validation passed. All critical files are intact.
2026-03-23 15:06:45 - Validation passed. All critical files are intact.
2026-03-23 15:38:29 - Validation passed. All critical files are intact.
2026-03-23 16:08:17 - Validation passed. All critical files are intact.
2026-03-23 17:38:28 - Validation passed. All critical files are intact.
2026-03-23 20:05:31 - Validation passed. All critical files are intact.
2026-03-23 22:05:57 - Validation passed. All critical files are intact.
2026-03-23 23:37:27 - Validation passed. All critical files are intact.
2026-03-24 00:36:18 - Validation passed. All critical files are intact.
2026-03-24 01:05:56 - Validation passed. All critical files are intact.
2026-03-24 01:38:43 - Validation passed. All critical files are intact.
2026-03-24 02:07:41 - Validation passed. All critical files are intact.
2026-03-24 03:09:04 - Validation passed. All critical files are intact.
2026-03-24 03:13:25 - Validation passed. All critical files are intact.
2026-03-24 03:36:01 - Validation passed. All critical files are intact.
2026-03-24 03:41:18 - Validation passed. All critical files are intact.
2026-03-24 04:07:34 - Validation passed. All critical files are intact.
2026-03-24 04:15:25 - Validation passed. All critical files are intact.
2026-03-24 04:35:26 - Validation passed. All critical files are intact.
2026-03-24 04:36:37 - Validation passed. All critical files are intact.
2026-03-24 05:04:59 - Validation passed. All critical files are intact.
2026-03-24 05:06:17 - Validation passed. All critical files are intact.
2026-03-24 05:35:43 - Validation passed. All critical files are intact.
2026-03-24 06:05:59 - Validation passed. All critical files are intact.
2026-03-24 06:06:30 - Validation passed. All critical files are intact.
2026-03-24 06:35:50 - Validation passed. All critical files are intact.
2026-03-24 06:36:51 - Validation passed. All critical files are intact.
2026-03-24 07:06:02 - Validation passed. All critical files are intact.
2026-03-24 07:36:05 - Validation passed. All critical files are intact.
2026-03-24 08:05:52 - Validation passed. All critical files are intact.
2026-03-24 08:35:48 - Validation passed. All critical files are intact.
2026-03-24 08:36:19 - Validation passed. All critical files are intact.
2026-03-24 09:05:29 - Validation passed. All critical files are intact.
2026-03-24 09:05:44 - Validation passed. All critical files are intact.
2026-03-24 10:35:14 - Validation passed. All critical files are intact.
2026-03-24 10:37:26 - Validation passed. All critical files are intact.
2026-03-24 11:06:18 - Validation passed. All critical files are intact.
2026-03-24 11:35:32 - Validation passed. All critical files are intact.
2026-03-24 11:38:23 - Validation passed. All critical files are intact.
2026-03-24 12:05:31 - Validation passed. All critical files are intact.
2026-03-24 12:35:43 - Validation passed. All critical files are intact.
2026-03-24 12:37:06 - Validation passed. All critical files are intact.
2026-03-24 13:05:55 - Validation passed. All critical files are intact.
2026-03-24 13:06:33 - Validation passed. All critical files are intact.
2026-03-24 13:07:13 - Validation passed. All critical files are intact.
2026-03-24 13:08:06 - Validation passed. All critical files are intact.
2026-03-24 13:35:21 - Validation passed. All critical files are intact.
2026-03-24 13:36:35 - Validation passed. All critical files are intact.
2026-03-24 13:37:10 - Validation passed. All critical files are intact.
2026-03-24 14:05:57 - Validation passed. All critical files are intact.
2026-03-24 14:36:28 - Validation passed. All critical files are intact.
2026-03-24 15:05:14 - Validation passed. All critical files are intact.
2026-03-24 15:06:11 - Validation passed. All critical files are intact.
2026-03-24 15:35:09 - Validation passed. All critical files are intact.
2026-03-24 15:35:53 - Validation passed. All critical files are intact.
2026-03-24 15:37:05 - Validation passed. All critical files are intact.
2026-03-24 16:05:24 - Validation passed. All critical files are intact.
2026-03-24 16:07:10 - Validation passed. All critical files are intact.
2026-03-24 16:08:21 - Validation passed. All critical files are intact.
2026-03-24 16:09:13 - Validation passed. All critical files are intact.
2026-03-24 16:09:37 - Validation passed. All critical files are intact.
2026-03-24 16:35:43 - Validation passed. All critical files are intact.
2026-03-24 16:37:26 - Validation passed. All critical files are intact.
2026-03-24 16:38:54 - Validation passed. All critical files are intact.
2026-03-24 16:39:08 - Validation passed. All critical files are intact.
2026-03-24 17:05:00 - Validation passed. All critical files are intact.
2026-03-24 17:05:37 - Validation passed. All critical files are intact.
2026-03-24 17:06:36 - Validation passed. All critical files are intact.
2026-03-24 17:07:15 - Validation passed. All critical files are intact.
2026-03-24 18:17:02 - Validation passed. All critical files are intact.
2026-03-24 18:17:20 - Validation passed. All critical files are intact.
2026-03-24 18:17:45 - Validation passed. All critical files are intact.
2026-03-24 18:17:56 - Validation passed. All critical files are intact.
2026-03-24 18:18:15 - Validation passed. All critical files are intact.
2026-03-24 19:15:52 - Validation passed. All critical files are intact.
2026-03-24 19:17:00 - Validation passed. All critical files are intact.
2026-03-24 19:17:08 - Validation passed. All critical files are intact.
2026-03-24 19:17:43 - Validation passed. All critical files are intact.
2026-03-24 20:15:57 - Validation passed. All critical files are intact.
2026-03-24 20:16:59 - Validation passed. All critical files are intact.
2026-03-24 20:17:28 - Validation passed. All critical files are intact.
2026-03-24 20:17:49 - Validation passed. All critical files are intact.
2026-03-24 20:19:56 - Validation passed. All critical files are intact.
2026-03-24 20:21:40 - Validation passed. All critical files are intact.
2026-03-24 21:16:05 - Validation passed. All critical files are intact.
2026-03-24 21:16:33 - Validation passed. All critical files are intact.
2026-03-24 21:17:17 - Validation passed. All critical files are intact.
2026-03-24 21:17:37 - Validation passed. All critical files are intact.
2026-03-24 21:21:07 - Validation passed. All critical files are intact.
2026-03-24 22:15:55 - Validation passed. All critical files are intact.
2026-03-24 22:16:08 - Validation passed. All critical files are intact.
2026-03-24 22:16:37 - Validation passed. All critical files are intact.
2026-03-24 22:16:47 - Validation passed. All critical files are intact.
2026-03-24 22:16:56 - Validation passed. All critical files are intact.
2026-03-24 22:17:54 - Validation passed. All critical files are intact.
2026-03-24 22:20:01 - Validation passed. All critical files are intact.
2026-03-24 22:20:38 - Validation passed. All critical files are intact.
2026-03-24 22:21:36 - Validation passed. All critical files are intact.
2026-03-24 23:15:53 - Validation passed. All critical files are intact.
2026-03-24 23:18:30 - Validation passed. All critical files are intact.
2026-03-25 00:16:45 - Validation passed. All critical files are intact.
2026-03-25 00:17:21 - Validation passed. All critical files are intact.
2026-03-25 00:17:52 - Validation passed. All critical files are intact.
2026-03-25 00:18:34 - Validation passed. All critical files are intact.
2026-03-25 00:20:15 - Validation passed. All critical files are intact.
2026-03-25 01:17:33 - Validation passed. All critical files are intact.
2026-03-25 01:17:48 - Validation passed. All critical files are intact.
2026-03-25 01:18:17 - Validation passed. All critical files are intact.
2026-03-25 01:18:26 - Validation passed. All critical files are intact.
2026-03-25 01:19:16 - Validation passed. All critical files are intact.
2026-03-25 01:20:06 - Validation passed. All critical files are intact.
2026-03-25 01:21:16 - Validation passed. All critical files are intact.
2026-03-25 01:23:53 - Validation passed. All critical files are intact.
2026-03-25 01:24:04 - Validation passed. All critical files are intact.
2026-03-25 02:15:47 - Validation passed. All critical files are intact.
2026-03-25 02:16:28 - Validation passed. All critical files are intact.
2026-03-25 02:16:37 - Validation passed. All critical files are intact.
2026-03-25 02:17:01 - Validation passed. All critical files are intact.
2026-03-25 02:17:57 - Validation passed. All critical files are intact.
2026-03-25 02:20:38 - Validation passed. All critical files are intact.
2026-03-25 02:21:03 - Validation passed. All critical files are intact.
2026-03-25 02:21:13 - Validation passed. All critical files are intact.
2026-03-25 02:21:37 - Validation passed. All critical files are intact.
2026-03-25 02:23:20 - Validation passed. All critical files are intact.
2026-03-25 02:25:43 - Validation passed. All critical files are intact.
2026-03-25 02:28:16 - Validation passed. All critical files are intact.
2026-03-25 02:29:21 - Validation passed. All critical files are intact.
2026-03-25 02:30:15 - Validation passed. All critical files are intact.
2026-03-25 02:31:47 - Validation passed. All critical files are intact.
2026-03-25 02:32:38 - Validation passed. All critical files are intact.
2026-03-25 03:16:05 - Validation passed. All critical files are intact.
2026-03-25 03:16:32 - Validation passed. All critical files are intact.
2026-03-25 03:17:36 - Validation passed. All critical files are intact.
2026-03-25 03:17:50 - Validation passed. All critical files are intact.
2026-03-25 03:18:09 - Validation passed. All critical files are intact.
2026-03-25 03:18:20 - Validation passed. All critical files are intact.
2026-03-25 03:18:30 - Validation passed. All critical files are intact.
2026-03-25 03:19:08 - Validation passed. All critical files are intact.
2026-03-25 03:20:19 - Validation passed. All critical files are intact.
2026-03-25 04:16:17 - Validation passed. All critical files are intact.
2026-03-25 07:18:15 - Validation passed. All critical files are intact.
2026-03-25 07:20:18 - Validation passed. All critical files are intact.
2026-03-25 08:17:04 - Validation passed. All critical files are intact.
2026-03-25 10:16:50 - Validation passed. All critical files are intact.
2026-03-25 13:16:41 - Validation passed. All critical files are intact.
2026-03-25 14:16:04 - Validation passed. All critical files are intact.
2026-03-25 15:16:25 - Validation passed. All critical files are intact.
2026-03-25 17:18:18 - Validation passed. All critical files are intact.
2026-03-25 18:16:09 - Validation passed. All critical files are intact.
2026-03-25 19:16:17 - Validation passed. All critical files are intact.
2026-03-25 20:16:42 - Validation passed. All critical files are intact.
2026-03-25 21:16:26 - Validation passed. All critical files are intact.
2026-03-25 22:16:02 - Validation passed. All critical files are intact.
2026-03-25 23:16:21 - Validation passed. All critical files are intact.
2026-03-26 00:16:18 - Validation passed. All critical files are intact.
2026-03-26 01:17:13 - Validation passed. All critical files are intact.
2026-03-26 03:15:57 - Validation passed. All critical files are intact.
2026-03-26 04:16:16 - Validation passed. All critical files are intact.
2026-03-26 05:16:12 - Validation passed. All critical files are intact.
2026-03-26 05:16:44 - Validation passed. All critical files are intact.
2026-03-26 06:16:53 - Validation passed. All critical files are intact.
2026-03-26 06:19:11 - Validation passed. All critical files are intact.
2026-03-26 07:16:43 - Validation passed. All critical files are intact.
2026-03-26 07:20:40 - Validation passed. All critical files are intact.
2026-03-26 07:21:10 - Validation passed. All critical files are intact.
2026-03-26 08:16:37 - Validation passed. All critical files are intact.
2026-03-26 08:21:11 - Validation passed. All critical files are intact.
2026-03-26 09:43:43 - Validation passed. All critical files are intact.
2026-03-26 10:40:58 - Validation passed. All critical files are intact.
2026-03-26 10:41:06 - Validation passed. All critical files are intact.
2026-03-26 10:42:35 - Validation passed. All critical files are intact.
2026-03-26 11:45:11 - Validation passed. All critical files are intact.
2026-03-26 11:47:04 - Validation passed. All critical files are intact.
2026-03-26 12:41:07 - Validation passed. All critical files are intact.
2026-03-26 12:42:42 - Validation passed. All critical files are intact.
2026-03-26 12:43:26 - Validation passed. All critical files are intact.
2026-03-26 12:44:21 - Validation passed. All critical files are intact.
2026-03-26 12:47:55 - Validation passed. All critical files are intact.
2026-03-26 12:48:24 - Validation passed. All critical files are intact.
2026-03-26 13:40:55 - Validation passed. All critical files are intact.
2026-03-26 15:41:23 - Validation passed. All critical files are intact.
2026-03-26 15:43:09 - Validation passed. All critical files are intact.
2026-03-26 16:41:24 - Validation passed. All critical files are intact.
2026-03-26 18:41:45 - Validation passed. All critical files are intact.
2026-03-26 19:40:46 - Validation passed. All critical files are intact.
2026-03-26 20:41:12 - Validation passed. All critical files are intact.
2026-03-26 21:40:43 - Validation passed. All critical files are intact.
2026-03-26 23:41:08 - Validation passed. All critical files are intact.
2026-03-27 00:40:46 - Validation passed. All critical files are intact.
2026-03-27 00:41:41 - Validation passed. All critical files are intact.
2026-03-27 00:42:37 - Validation passed. All critical files are intact.
2026-03-27 01:40:34 - Validation passed. All critical files are intact.
2026-03-27 03:44:40 - Validation passed. All critical files are intact.
2026-03-27 04:41:51 - Validation passed. All critical files are intact.
2026-03-27 05:42:36 - Validation passed. All critical files are intact.
2026-03-27 07:41:38 - Validation passed. All critical files are intact.
2026-03-27 08:43:19 - Validation passed. All critical files are intact.
2026-03-27 09:41:16 - Validation passed. All critical files are intact.
2026-03-27 12:41:01 - Validation passed. All critical files are intact.
2026-03-27 12:43:56 - Validation passed. All critical files are intact.
2026-03-27 12:45:13 - Validation passed. All critical files are intact.
2026-03-27 13:42:12 - Validation passed. All critical files are intact.
2026-03-27 13:44:49 - Validation passed. All critical files are intact.
2026-03-27 13:51:27 - Validation passed. All critical files are intact.
2026-03-27 14:11:46 - Validation passed. All critical files are intact.
2026-03-27 14:50:13 - Validation passed. All critical files are intact.
2026-03-27 14:57:41 - Validation passed. All critical files are intact.
2026-03-27 14:58:53 - Validation passed. All critical files are intact.
2026-03-27 15:51:01 - Validation passed. All critical files are intact.
2026-03-27 15:53:25 - Validation passed. All critical files are intact.
2026-03-27 16:51:07 - Validation passed. All critical files are intact.
2026-03-27 17:13:40 - Validation passed. All critical files are intact.
2026-03-27 18:02:50 - Validation passed. All critical files are intact.
2026-03-27 22:12:56 - Validation passed. All critical files are intact.
2026-03-28 00:13:53 - Validation passed. All critical files are intact.
2026-03-28 00:49:12 - Validation passed. All critical files are intact.
2026-03-28 01:49:49 - Validation passed. All critical files are intact.
2026-03-28 03:30:36 - Validation passed. All critical files are intact.
2026-03-28 06:55:57 - Validation passed. All critical files are intact.
2026-03-28 07:19:19 - Validation passed. All critical files are intact.
2026-03-28 07:40:47 - Validation passed. All critical files are intact.
2026-03-28 08:49:14 - Validation passed. All critical files are intact.
2026-03-28 10:10:35 - Validation passed. All critical files are intact.
2026-03-28 11:41:16 - Validation passed. All critical files are intact.
2026-03-28 13:03:08 - Validation passed. All critical files are intact.
2026-03-28 13:07:00 - Validation passed. All critical files are intact.
2026-03-28 13:10:47 - Validation passed. All critical files are intact.
2026-03-28 15:24:36 - Validation passed. All critical files are intact.
2026-03-28 16:25:14 - Validation passed. All critical files are intact.
2026-03-28 16:27:56 - Validation passed. All critical files are intact.
2026-03-28 16:35:06 - Validation passed. All critical files are intact.
2026-03-28 17:24:37 - Validation passed. All critical files are intact.
2026-03-28 17:24:54 - Validation passed. All critical files are intact.
2026-03-28 18:25:25 - Validation passed. All critical files are intact.
2026-03-28 20:03:11 - Validation passed. All critical files are intact.
2026-03-28 20:03:34 - Validation passed. All critical files are intact.
2026-03-28 20:31:36 - Validation passed. All critical files are intact.
2026-03-28 21:04:43 - Validation passed. All critical files are intact.
2026-03-28 21:05:05 - Validation passed. All critical files are intact.
2026-03-28 22:03:22 - Validation passed. All critical files are intact.
2026-03-29 00:01:55 - Validation passed. All critical files are intact.
2026-03-29 00:04:16 - Validation passed. All critical files are intact.
2026-03-29 02:54:28 - Validation passed. All critical files are intact.
2026-03-29 03:52:17 - Validation passed. All critical files are intact.
2026-03-29 04:51:14 - Validation passed. All critical files are intact.
2026-03-29 05:05:30 - Validation passed. All critical files are intact.
2026-03-29 06:20:53 - Validation passed. All critical files are intact.
2026-03-29 08:03:24 - Validation passed. All critical files are intact.
2026-03-29 08:32:41 - Validation passed. All critical files are intact.
2026-03-29 11:16:44 - Validation passed. All critical files are intact.
2026-03-29 11:21:59 - Validation passed. All critical files are intact.
2026-03-29 11:23:22 - Validation passed. All critical files are intact.
2026-03-29 12:03:52 - Validation passed. All critical files are intact.
2026-03-29 12:05:08 - Validation passed. All critical files are intact.
2026-03-29 13:53:15 - Validation passed. All critical files are intact.
2026-03-29 14:06:36 - Validation passed. All critical files are intact.
2026-03-29 14:33:32 - Validation passed. All critical files are intact.
2026-03-29 16:23:07 - Validation passed. All critical files are intact.
2026-03-29 17:03:23 - Validation passed. All critical files are intact.
2026-03-29 20:06:07 - Validation passed. All critical files are intact.
2026-03-29 20:07:46 - Validation passed. All critical files are intact.
2026-03-29 21:03:13 - Validation passed. All critical files are intact.
2026-03-29 21:04:02 - Validation passed. All critical files are intact.
2026-03-29 21:05:26 - Validation passed. All critical files are intact.
2026-03-29 22:03:56 - Validation passed. All critical files are intact.
2026-03-29 22:04:31 - Validation passed. All critical files are intact.
2026-03-30 00:03:25 - Validation passed. All critical files are intact.
2026-03-30 00:32:50 - Validation passed. All critical files are intact.
2026-03-30 01:02:31 - Validation passed. All critical files are intact.
2026-03-30 01:22:46 - Validation passed. All critical files are intact.
2026-03-30 02:53:24 - Validation passed. All critical files are intact.
2026-03-30 04:20:19 - Validation passed. All critical files are intact.
2026-03-30 04:42:49 - Validation passed. All critical files are intact.
2026-03-30 06:32:32 - Validation passed. All critical files are intact.
2026-03-30 06:53:57 - Validation passed. All critical files are intact.
2026-03-30 08:08:27 - Validation passed. All critical files are intact.
2026-03-30 08:15:45 - Validation passed. All critical files are intact.
2026-03-30 08:17:07 - Validation passed. All critical files are intact.
2026-03-30 09:11:13 - Validation passed. All critical files are intact.
2026-03-30 09:11:41 - Validation passed. All critical files are intact.
2026-03-30 10:00:57 - Validation passed. All critical files are intact.
2026-03-30 10:31:41 - Validation passed. All critical files are intact.
2026-03-30 10:42:33 - Validation passed. All critical files are intact.
2026-03-30 15:31:53 - Validation passed. All critical files are intact.
2026-03-30 17:14:40 - Validation passed. All critical files are intact.
2026-03-30 18:41:54 - Validation passed. All critical files are intact.
2026-03-30 19:10:51 - Validation passed. All critical files are intact.
2026-03-30 20:00:52 - Validation passed. All critical files are intact.
2026-03-30 21:41:17 - Validation passed. All critical files are intact.
2026-03-30 22:52:37 - Validation passed. All critical files are intact.
2026-03-31 01:52:30 - Validation passed. All critical files are intact.
2026-03-31 02:01:36 - Validation passed. All critical files are intact.
2026-03-31 04:11:42 - Validation passed. All critical files are intact.
2026-03-31 05:00:47 - Validation passed. All critical files are intact.
2026-03-31 05:02:50 - Validation passed. All critical files are intact.
2026-03-31 05:53:09 - Validation passed. All critical files are intact.
2026-03-31 06:52:31 - Validation passed. All critical files are intact.
2026-03-31 07:52:19 - Validation passed. All critical files are intact.
2026-03-31 08:21:22 - Validation passed. All critical files are intact.
2026-03-31 08:52:40 - Validation passed. All critical files are intact.
2026-03-31 09:52:41 - Validation passed. All critical files are intact.
2026-03-31 10:42:30 - Validation passed. All critical files are intact.
2026-03-31 10:52:30 - Validation passed. All critical files are intact.
2026-03-31 11:52:31 - Validation passed. All critical files are intact.
2026-03-31 12:52:27 - Validation passed. All critical files are intact.
2026-03-31 13:33:25 - Validation passed. All critical files are intact.
2026-03-31 13:41:38 - Validation passed. All critical files are intact.
2026-03-31 13:52:54 - Validation passed. All critical files are intact.
2026-03-31 14:52:37 - Validation passed. All critical files are intact.
2026-03-31 15:52:27 - Validation passed. All critical files are intact.
2026-03-31 16:52:55 - Validation passed. All critical files are intact.
2026-03-31 17:52:44 - Validation passed. All critical files are intact.
2026-03-31 18:51:38 - Validation passed. All critical files are intact.
2026-03-31 18:52:47 - Validation passed. All critical files are intact.
2026-03-31 19:12:02 - Validation passed. All critical files are intact.
2026-03-31 19:52:56 - Validation passed. All critical files are intact.
2026-03-31 20:52:23 - Validation passed. All critical files are intact.
2026-03-31 21:52:27 - Validation passed. All critical files are intact.
2026-03-31 22:58:57 - Validation passed. All critical files are intact.
2026-03-31 23:50:53 - Validation passed. All critical files are intact.
2026-03-31 23:52:01 - Validation passed. All critical files are intact.
2026-03-31 23:52:28 - Validation passed. All critical files are intact.
2026-04-01 00:52:31 - Validation passed. All critical files are intact.
2026-04-01 00:53:25 - Validation passed. All critical files are intact.
2026-04-01 01:52:25 - Validation passed. All critical files are intact.
2026-04-01 02:01:30 - Validation passed. All critical files are intact.
2026-04-01 02:52:30 - Validation passed. All critical files are intact.
2026-04-01 03:52:38 - Validation passed. All critical files are intact.
2026-04-01 04:21:02 - Validation passed. All critical files are intact.
2026-04-01 05:51:54 - Validation passed. All critical files are intact.
2026-04-01 05:54:49 - Validation passed. All critical files are intact.
2026-04-01 11:41:44 - Validation passed. All critical files are intact.
2026-04-01 13:32:50 - Validation passed. All critical files are intact.
2026-04-01 16:01:36 - Validation passed. All critical files are intact.
2026-04-01 16:40:46 - Validation passed. All critical files are intact.
2026-04-01 18:38:42 - Validation passed. All critical files are intact.
2026-04-01 18:56:45 - Validation passed. All critical files are intact.
2026-04-01 19:56:46 - Validation passed. All critical files are intact.
2026-04-01 20:51:22 - Validation passed. All critical files are intact.
2026-04-01 20:56:46 - Validation passed. All critical files are intact.
2026-04-01 21:56:40 - Validation passed. All critical files are intact.
2026-04-01 22:56:40 - Validation passed. All critical files are intact.
2026-04-01 23:41:05 - Validation passed. All critical files are intact.
2026-04-01 23:50:25 - Validation passed. All critical files are intact.
2026-04-01 23:56:41 - Validation passed. All critical files are intact.
2026-04-02 00:50:28 - Validation passed. All critical files are intact.
2026-04-02 00:56:38 - Validation passed. All critical files are intact.
2026-04-02 01:01:08 - Validation passed. All critical files are intact.
2026-04-02 01:56:40 - Validation passed. All critical files are intact.
2026-04-02 02:56:54 - Validation passed. All critical files are intact.
2026-04-02 03:56:43 - Validation passed. All critical files are intact.
2026-04-02 04:56:49 - Validation passed. All critical files are intact.
2026-04-02 05:56:27 - Validation passed. All critical files are intact.
2026-04-02 06:56:28 - Validation passed. All critical files are intact.
2026-04-02 07:20:36 - Validation passed. All critical files are intact.
2026-04-02 07:51:03 - Validation passed. All critical files are intact.
2026-04-02 07:56:35 - Validation passed. All critical files are intact.
2026-04-02 08:10:36 - Validation passed. All critical files are intact.
2026-04-02 08:56:22 - Validation passed. All critical files are intact.
2026-04-02 09:56:26 - Validation passed. All critical files are intact.
2026-04-02 10:30:43 - Validation passed. All critical files are intact.
2026-04-02 10:50:23 - Validation passed. All critical files are intact.
2026-04-02 10:50:45 - Validation passed. All critical files are intact.
2026-04-02 10:52:32 - Validation passed. All critical files are intact.
2026-04-02 10:56:29 - Validation passed. All critical files are intact.
2026-04-02 11:56:23 - Validation passed. All critical files are intact.
2026-04-02 12:56:41 - Validation passed. All critical files are intact.
2026-04-02 13:56:34 - Validation passed. All critical files are intact.
2026-04-02 14:56:36 - Validation passed. All critical files are intact.
2026-04-02 15:56:30 - Validation passed. All critical files are intact.
2026-04-02 16:56:37 - Validation passed. All critical files are intact.
2026-04-02 17:10:50 - Validation passed. All critical files are intact.
2026-04-02 17:56:43 - Validation passed. All critical files are intact.
2026-04-02 18:56:51 - Validation passed. All critical files are intact.
2026-04-02 19:56:35 - Validation passed. All critical files are intact.
2026-04-02 20:56:33 - Validation passed. All critical files are intact.
2026-04-02 22:51:06 - Validation passed. All critical files are intact.
2026-04-02 23:50:57 - Validation passed. All critical files are intact.
2026-04-03 00:50:50 - Validation passed. All critical files are intact.
2026-04-03 00:52:58 - Validation passed. All critical files are intact.
2026-04-03 02:50:56 - Validation passed. All critical files are intact.
2026-04-03 03:50:57 - Validation passed. All critical files are intact.
2026-04-03 04:50:47 - Validation passed. All critical files are intact.
2026-04-03 05:50:25 - Validation passed. All critical files are intact.
2026-04-03 05:50:35 - Validation passed. All critical files are intact.
2026-04-03 06:20:43 - Validation passed. All critical files are intact.
2026-04-03 06:50:37 - Validation passed. All critical files are intact.
2026-04-03 07:50:34 - Validation passed. All critical files are intact.
2026-04-03 08:50:57 - Validation passed. All critical files are intact.
2026-04-03 09:50:59 - Validation passed. All critical files are intact.
2026-04-03 10:51:01 - Validation passed. All critical files are intact.
2026-04-03 11:11:10 - Validation passed. All critical files are intact.
2026-04-03 11:51:14 - Validation passed. All critical files are intact.
2026-04-03 12:01:28 - Validation passed. All critical files are intact.
2026-04-03 12:40:33 - Validation passed. All critical files are intact.
2026-04-03 12:43:40 - Validation passed. All critical files are intact.
2026-04-05 21:24:40 - === Starting backup validation ===
2026-04-05 21:24:40 - OK: MEMORY.md validated.
2026-04-05 21:24:40 - OK: AGENTS.md validated.
2026-04-05 21:24:40 - OK: TOOLS.md validated.
2026-04-05 21:24:40 - OK: HEARTBEAT.md validated.
2026-04-05 21:24:40 - OK: SOUL.md validated.
2026-04-05 21:24:40 - OK: USER.md validated.
2026-04-05 21:24:40 - OK: Snapshot script is executable.
2026-04-05 21:24:40 - OK: Backup directory exists at /home/node/.openclaw/backups.
2026-04-05 21:24:40 - WARNING: No snapshots created in the last 24 hours. Backup process may be failing.
2026-04-05 21:24:40 - Validation passed. All critical checks successful.
2026-04-05 22:24:30 - === Starting backup validation ===
2026-04-05 22:24:30 - OK: MEMORY.md validated.
2026-04-05 22:24:30 - OK: AGENTS.md validated.
2026-04-05 22:24:30 - OK: TOOLS.md validated.
2026-04-05 22:24:30 - OK: HEARTBEAT.md validated.
2026-04-05 22:24:30 - OK: SOUL.md validated.
2026-04-05 22:24:30 - OK: USER.md validated.
2026-04-05 22:24:30 - OK: Snapshot script is executable.
2026-04-05 22:24:30 - OK: Backup directory exists at /home/node/.openclaw/backups.
2026-04-05 22:24:30 - WARNING: No snapshots created in the last 24 hours. Backup process may be failing.
2026-04-05 22:24:30 - Validation passed. All critical checks successful.
2026-04-05 22:24:38 - Snapshot triggered due to: manual_trigger
[2026-04-06 00:24:52 UTC] INFO: Starting backup monitor
2026-04-06 00:24:52 - === Starting backup validation ===
2026-04-06 00:24:52 - OK: MEMORY.md validated.
2026-04-06 00:24:52 - OK: AGENTS.md validated.
2026-04-06 00:24:52 - OK: TOOLS.md validated.
2026-04-06 00:24:52 - OK: HEARTBEAT.md validated.
2026-04-06 00:24:52 - OK: SOUL.md validated.
2026-04-06 00:24:52 - OK: USER.md validated.
2026-04-06 00:24:52 - OK: Snapshot script is executable.
2026-04-06 00:24:52 - OK: Backup directory exists at /home/node/.openclaw/backups.
2026-04-06 00:24:52 - OK: Recent snapshot found: snapshot-20260405-222438-manual_trigger.tar.gz.
2026-04-06 00:24:52 - Validation passed. All critical checks successful.
[2026-04-06 00:24:52 UTC] INFO: Backup validation passed
[2026-04-06 00:24:52 UTC] INFO: Backup monitor completed successfully
[2026-04-06 01:26:25 UTC] INFO: Starting backup monitor
2026-04-06 01:26:25 - === Starting backup validation ===
2026-04-06 01:26:25 - OK: MEMORY.md validated.
2026-04-06 01:26:25 - OK: AGENTS.md validated.
2026-04-06 01:26:25 - OK: TOOLS.md validated.
2026-04-06 01:26:25 - OK: HEARTBEAT.md validated.
2026-04-06 01:26:25 - OK: SOUL.md validated.
2026-04-06 01:26:25 - OK: USER.md validated.
2026-04-06 01:26:25 - OK: Snapshot script is executable.
2026-04-06 01:26:25 - OK: Backup directory exists at /home/node/.openclaw/backups.
2026-04-06 01:26:25 - OK: Recent snapshot found: snapshot-20260405-222438-manual_trigger.tar.gz.
2026-04-06 01:26:25 - Validation passed. All critical checks successful.
[2026-04-06 01:26:25 UTC] INFO: Backup validation passed
[2026-04-06 01:26:25 UTC] INFO: Backup monitor completed successfully
[2026-04-06 02:24:18 UTC] INFO: Starting backup monitor
2026-04-06 02:24:18 - === Starting backup validation ===
2026-04-06 02:24:18 - OK: MEMORY.md validated.
2026-04-06 02:24:18 - OK: AGENTS.md validated.
2026-04-06 02:24:18 - OK: TOOLS.md validated.
2026-04-06 02:24:18 - OK: HEARTBEAT.md validated.
2026-04-06 02:24:18 - OK: SOUL.md validated.
2026-04-06 02:24:18 - OK: USER.md validated.
2026-04-06 02:24:18 - OK: Snapshot script is executable.
2026-04-06 02:24:18 - OK: Backup directory exists at /home/node/.openclaw/backups.
2026-04-06 02:24:18 - OK: Recent snapshot found: snapshot-20260405-222438-manual_trigger.tar.gz.
2026-04-06 02:24:18 - Validation passed. All critical checks successful.
[2026-04-06 02:24:18 UTC] INFO: Backup validation passed
[2026-04-06 02:24:18 UTC] INFO: Backup monitor completed successfully
[2026-04-06 03:24:17 UTC] INFO: Starting backup monitor
2026-04-06 03:24:17 - === Starting backup validation ===
2026-04-06 03:24:17 - OK: MEMORY.md validated.
2026-04-06 03:24:17 - OK: AGENTS.md validated.
2026-04-06 03:24:17 - OK: TOOLS.md validated.
2026-04-06 03:24:17 - OK: HEARTBEAT.md validated.
2026-04-06 03:24:17 - OK: SOUL.md validated.
2026-04-06 03:24:17 - OK: USER.md validated.
2026-04-06 03:24:17 - OK: Snapshot script is executable.
2026-04-06 03:24:17 - OK: Backup directory exists at /home/node/.openclaw/backups.
2026-04-06 03:24:17 - OK: Recent snapshot found: snapshot-20260405-222438-manual_trigger.tar.gz.
2026-04-06 03:24:17 - Validation passed. All critical checks successful.
[2026-04-06 03:24:17 UTC] INFO: Backup validation passed
[2026-04-06 03:24:17 UTC] INFO: Backup monitor completed successfully
2026-04-06 04:24:15 - === Starting backup validation ===
2026-04-06 04:24:15 - OK: MEMORY.md validated.
2026-04-06 04:24:15 - OK: AGENTS.md validated.
2026-04-06 04:24:15 - OK: TOOLS.md validated.
2026-04-06 04:24:15 - OK: HEARTBEAT.md validated.
2026-04-06 04:24:15 - OK: SOUL.md validated.
2026-04-06 04:24:15 - OK: USER.md validated.
2026-04-06 04:24:15 - OK: Snapshot script is executable.
2026-04-06 04:24:15 - OK: Backup directory exists at /home/node/.openclaw/backups.
2026-04-06 04:24:15 - OK: Recent snapshot found: snapshot-20260405-222438-manual_trigger.tar.gz.
2026-04-06 04:24:15 - Validation passed. All critical checks successful.
2026-04-06 05:24:12 - === Starting backup validation ===
2026-04-06 05:24:12 - OK: MEMORY.md validated.
2026-04-06 05:24:12 - OK: AGENTS.md validated.
2026-04-06 05:24:12 - OK: TOOLS.md validated.
2026-04-06 05:24:12 - OK: HEARTBEAT.md validated.
2026-04-06 05:24:12 - OK: SOUL.md validated.
2026-04-06 05:24:12 - OK: USER.md validated.
2026-04-06 05:24:12 - OK: Snapshot script is executable.
2026-04-06 05:24:12 - OK: Backup directory exists at /home/node/.openclaw/backups.
2026-04-06 05:24:12 - OK: Recent snapshot found: snapshot-20260405-222438-manual_trigger.tar.gz.
2026-04-06 05:24:12 - Validation passed. All critical checks successful.
2026-04-06 06:24:14 - === Starting backup validation ===
2026-04-06 06:24:14 - OK: MEMORY.md validated.
2026-04-06 06:24:14 - OK: AGENTS.md validated.
2026-04-06 06:24:14 - OK: TOOLS.md validated.
2026-04-06 06:24:14 - OK: HEARTBEAT.md validated.
2026-04-06 06:24:14 - OK: SOUL.md validated.
2026-04-06 06:24:14 - OK: USER.md validated.
2026-04-06 06:24:14 - OK: Snapshot script is executable.
2026-04-06 06:24:14 - OK: Backup directory exists at /home/node/.openclaw/backups.
2026-04-06 06:24:14 - OK: Recent snapshot found: snapshot-20260405-222438-manual_trigger.tar.gz.
2026-04-06 06:24:14 - Validation passed. All critical checks successful.
2026-04-06 07:28:54 - === Starting backup validation ===
2026-04-06 07:28:54 - OK: MEMORY.md validated.
2026-04-06 07:28:54 - OK: AGENTS.md validated.
2026-04-06 07:28:54 - OK: TOOLS.md validated.
2026-04-06 07:28:54 - OK: HEARTBEAT.md validated.
2026-04-06 07:28:54 - OK: SOUL.md validated.
2026-04-06 07:28:54 - OK: USER.md validated.
2026-04-06 07:28:54 - OK: Snapshot script is executable.
2026-04-06 07:28:54 - OK: Backup directory exists at /home/node/.openclaw/backups.
2026-04-06 07:28:54 - OK: Recent snapshot found: snapshot-20260405-222438-manual_trigger.tar.gz.
2026-04-06 07:28:54 - Validation passed. All critical checks successful.
2026-04-06 08:25:59 - === Starting backup validation ===
2026-04-06 08:25:59 - OK: MEMORY.md validated.
2026-04-06 08:25:59 - OK: AGENTS.md validated.
2026-04-06 08:25:59 - OK: TOOLS.md validated.
2026-04-06 08:25:59 - OK: HEARTBEAT.md validated.
2026-04-06 08:25:59 - OK: SOUL.md validated.
2026-04-06 08:25:59 - OK: USER.md validated.
2026-04-06 08:25:59 - OK: Snapshot script is executable.
2026-04-06 08:25:59 - OK: Backup directory exists at /home/node/.openclaw/backups.
2026-04-06 08:25:59 - OK: Recent snapshot found: snapshot-20260405-222438-manual_trigger.tar.gz.
2026-04-06 08:25:59 - Validation passed. All critical checks successful.
2026-04-06 09:26:12 - === Starting backup validation ===
2026-04-06 09:26:12 - OK: MEMORY.md validated.
2026-04-06 09:26:12 - OK: AGENTS.md validated.
2026-04-06 09:26:12 - OK: TOOLS.md validated.
2026-04-06 09:26:12 - OK: HEARTBEAT.md validated.
2026-04-06 09:26:12 - OK: SOUL.md validated.
2026-04-06 09:26:12 - OK: USER.md validated.
2026-04-06 09:26:12 - OK: Snapshot script is executable.
2026-04-06 09:26:12 - OK: Backup directory exists at /home/node/.openclaw/backups.
2026-04-06 09:26:12 - OK: Recent snapshot found: snapshot-20260405-222438-manual_trigger.tar.gz.
2026-04-06 09:26:12 - Validation passed. All critical checks successful.
2026-04-06 10:24:18 - === Starting backup validation ===
2026-04-06 10:24:18 - OK: MEMORY.md validated.
2026-04-06 10:24:18 - OK: AGENTS.md validated.
2026-04-06 10:24:18 - OK: TOOLS.md validated.
2026-04-06 10:24:18 - OK: HEARTBEAT.md validated.
2026-04-06 10:24:18 - OK: SOUL.md validated.
2026-04-06 10:24:18 - OK: USER.md validated.
2026-04-06 10:24:18 - OK: Snapshot script is executable.
2026-04-06 10:24:18 - OK: Backup directory exists at /home/node/.openclaw/backups.
2026-04-06 10:24:19 - OK: Recent snapshot found: snapshot-20260405-222438-manual_trigger.tar.gz.
2026-04-06 10:24:19 - Validation passed. All critical checks successful.
2026-04-06 11:24:42 - === Starting backup validation ===
2026-04-06 11:24:42 - OK: MEMORY.md validated.
2026-04-06 11:24:42 - OK: AGENTS.md validated.
2026-04-06 11:24:42 - OK: TOOLS.md validated.
2026-04-06 11:24:42 - OK: HEARTBEAT.md validated.
2026-04-06 11:24:42 - OK: SOUL.md validated.
2026-04-06 11:24:42 - OK: USER.md validated.
2026-04-06 11:24:42 - OK: Snapshot script is executable.
2026-04-06 11:24:42 - OK: Backup directory exists at /home/node/.openclaw/backups.
2026-04-06 11:24:42 - OK: Recent snapshot found: snapshot-20260405-222438-manual_trigger.tar.gz.
2026-04-06 11:24:42 - Validation passed. All critical checks successful.
2026-04-06 12:24:17 - === Starting backup validation ===
2026-04-06 12:24:17 - OK: MEMORY.md validated.
2026-04-06 12:24:17 - OK: AGENTS.md validated.
2026-04-06 12:24:17 - OK: TOOLS.md validated.
2026-04-06 12:24:17 - OK: HEARTBEAT.md validated.
2026-04-06 12:24:17 - OK: SOUL.md validated.
2026-04-06 12:24:17 - OK: USER.md validated.
2026-04-06 12:24:17 - OK: Snapshot script is executable.
2026-04-06 12:24:17 - OK: Backup directory exists at /home/node/.openclaw/backups.
2026-04-06 12:24:17 - OK: Recent snapshot found: snapshot-20260405-222438-manual_trigger.tar.gz.
2026-04-06 12:24:17 - Validation passed. All critical checks successful.
2026-04-06 13:24:17 - === Starting backup validation ===
2026-04-06 13:24:17 - OK: MEMORY.md validated.
2026-04-06 13:24:17 - OK: AGENTS.md validated.
2026-04-06 13:24:17 - OK: TOOLS.md validated.
2026-04-06 13:24:17 - OK: HEARTBEAT.md validated.
2026-04-06 13:24:17 - OK: SOUL.md validated.
2026-04-06 13:24:17 - OK: USER.md validated.
2026-04-06 13:24:17 - OK: Snapshot script is executable.
2026-04-06 13:24:17 - OK: Backup directory exists at /home/node/.openclaw/backups.
2026-04-06 13:24:17 - OK: Recent snapshot found: snapshot-20260405-222438-manual_trigger.tar.gz.
2026-04-06 13:24:17 - Validation passed. All critical checks successful.
2026-04-06 16:14:09 - === Starting backup validation ===
2026-04-06 16:14:09 - OK: MEMORY.md validated.
2026-04-06 16:14:09 - OK: AGENTS.md validated.
2026-04-06 16:14:09 - OK: TOOLS.md validated.
2026-04-06 16:14:09 - OK: HEARTBEAT.md validated.
2026-04-06 16:14:09 - OK: SOUL.md validated.
2026-04-06 16:14:09 - OK: USER.md validated.
2026-04-06 16:14:09 - OK: Snapshot script is executable.
2026-04-06 16:14:09 - OK: Backup directory exists at /home/node/.openclaw/backups.
2026-04-06 16:14:09 - OK: Recent snapshot found: snapshot-20260405-222438-manual_trigger.tar.gz.
2026-04-06 16:14:09 - Validation passed. All critical checks successful.
2026-04-06 17:14:06 - === Starting backup validation ===
2026-04-06 17:14:06 - OK: MEMORY.md validated.
2026-04-06 17:14:06 - OK: AGENTS.md validated.
2026-04-06 17:14:06 - OK: TOOLS.md validated.
2026-04-06 17:14:06 - OK: HEARTBEAT.md validated.
2026-04-06 17:14:06 - OK: SOUL.md validated.
2026-04-06 17:14:06 - OK: USER.md validated.
2026-04-06 17:14:06 - OK: Snapshot script is executable.
2026-04-06 17:14:06 - OK: Backup directory exists at /home/node/.openclaw/backups.
2026-04-06 17:14:06 - OK: Recent snapshot found: snapshot-20260405-222438-manual_trigger.tar.gz.
2026-04-06 17:14:06 - Validation passed. All critical checks successful.
2026-04-06 19:10:00 - === Starting backup validation ===
2026-04-06 19:10:00 - OK: MEMORY.md validated.
2026-04-06 19:10:00 - OK: AGENTS.md validated.
2026-04-06 19:10:00 - OK: TOOLS.md validated.
2026-04-06 19:10:00 - OK: HEARTBEAT.md validated.
2026-04-06 19:10:00 - OK: SOUL.md validated.
2026-04-06 19:10:00 - OK: USER.md validated.
2026-04-06 19:10:00 - OK: Snapshot script is executable.
2026-04-06 19:10:00 - OK: Backup directory exists at /home/node/.openclaw/backups.
2026-04-06 19:10:00 - OK: Recent snapshot found: snapshot-20260405-222438-manual_trigger.tar.gz.
2026-04-06 19:10:00 - Validation passed. All critical checks successful.
2026-04-06 20:10:09 - === Starting backup validation ===
2026-04-06 20:10:09 - OK: MEMORY.md validated.
2026-04-06 20:10:09 - OK: AGENTS.md validated.
2026-04-06 20:10:09 - OK: TOOLS.md validated.
2026-04-06 20:10:09 - OK: HEARTBEAT.md validated.
2026-04-06 20:10:09 - OK: SOUL.md validated.
2026-04-06 20:10:09 - OK: USER.md validated.
2026-04-06 20:10:09 - OK: Snapshot script is executable.
2026-04-06 20:10:09 - OK: Backup directory exists at /home/node/.openclaw/backups.
2026-04-06 20:10:09 - OK: Recent snapshot found: snapshot-20260405-222438-manual_trigger.tar.gz.
2026-04-06 20:10:09 - Validation passed. All critical checks successful.
2026-04-06 21:10:07 - === Starting backup validation ===
2026-04-06 21:10:07 - OK: MEMORY.md validated.
2026-04-06 21:10:07 - OK: AGENTS.md validated.
2026-04-06 21:10:07 - OK: TOOLS.md validated.
2026-04-06 21:10:07 - OK: HEARTBEAT.md validated.
2026-04-06 21:10:07 - OK: SOUL.md validated.
2026-04-06 21:10:08 - OK: USER.md validated.
2026-04-06 21:10:08 - OK: Snapshot script is executable.
2026-04-06 21:10:08 - OK: Backup directory exists at /home/node/.openclaw/backups.
2026-04-06 21:10:08 - OK: Recent snapshot found: snapshot-20260405-222438-manual_trigger.tar.gz.
2026-04-06 21:10:08 - Validation passed. All critical checks successful.
2026-04-06 22:10:00 - === Starting backup validation ===
2026-04-06 22:10:00 - OK: MEMORY.md validated.
2026-04-06 22:10:00 - OK: AGENTS.md validated.
2026-04-06 22:10:00 - OK: TOOLS.md validated.
2026-04-06 22:10:00 - OK: HEARTBEAT.md validated.
2026-04-06 22:10:00 - OK: SOUL.md validated.
2026-04-06 22:10:00 - OK: USER.md validated.
2026-04-06 22:10:00 - OK: Snapshot script is executable.
2026-04-06 22:10:00 - OK: Backup directory exists at /home/node/.openclaw/backups.
2026-04-06 22:10:00 - OK: Recent snapshot found: snapshot-20260405-222438-manual_trigger.tar.gz.
2026-04-06 22:10:00 - Validation passed. All critical checks successful.
2026-04-06 23:09:59 - === Starting backup validation ===
2026-04-06 23:09:59 - OK: MEMORY.md validated.
2026-04-06 23:09:59 - OK: AGENTS.md validated.
2026-04-06 23:09:59 - OK: TOOLS.md validated.
2026-04-06 23:09:59 - OK: HEARTBEAT.md validated.
2026-04-06 23:09:59 - OK: SOUL.md validated.
2026-04-06 23:09:59 - OK: USER.md validated.
2026-04-06 23:09:59 - OK: Snapshot script is executable.
2026-04-06 23:09:59 - OK: Backup directory exists at /home/node/.openclaw/backups.
2026-04-06 23:09:59 - OK: Recent snapshot found: snapshot-20260406-120004-daily-auto.tar.gz.
2026-04-06 23:09:59 - Validation passed. All critical checks successful.
2026-04-07 01:10:02 - === Starting backup validation ===
2026-04-07 01:10:02 - OK: MEMORY.md validated.
2026-04-07 01:10:02 - OK: AGENTS.md validated.
2026-04-07 01:10:02 - OK: TOOLS.md validated.
2026-04-07 01:10:02 - OK: HEARTBEAT.md validated.
2026-04-07 01:10:02 - OK: SOUL.md validated.
2026-04-07 01:10:02 - OK: USER.md validated.
2026-04-07 01:10:02 - OK: Snapshot script is executable.
2026-04-07 01:10:02 - OK: Backup directory exists at /home/node/.openclaw/backups.
2026-04-07 01:10:02 - OK: Recent snapshot found: snapshot-20260406-120004-daily-auto.tar.gz.
2026-04-07 01:10:02 - Validation passed. All critical checks successful.
2026-04-07 02:10:04 - === Starting backup validation ===
2026-04-07 02:10:04 - OK: MEMORY.md validated.
2026-04-07 02:10:04 - OK: AGENTS.md validated.
2026-04-07 02:10:04 - OK: TOOLS.md validated.
2026-04-07 02:10:04 - OK: HEARTBEAT.md validated.
2026-04-07 02:10:04 - OK: SOUL.md validated.
2026-04-07 02:10:04 - OK: USER.md validated.
2026-04-07 02:10:04 - OK: Snapshot script is executable.
2026-04-07 02:10:04 - OK: Backup directory exists at /home/node/.openclaw/backups.
2026-04-07 02:10:04 - OK: Recent snapshot found: snapshot-20260406-120004-daily-auto.tar.gz.
2026-04-07 02:10:04 - Validation passed. All critical checks successful.
