[2026-05-04 18:11:33] === GitHub Backup Sync Started ===
[2026-05-04 18:11:33] ERROR: SSH key not found at /root/.ssh/id_ed25519
[2026-05-05 02:45:01] === GitHub Backup Sync Started ===
[2026-05-05 02:45:01] Checking Git config...
[2026-05-05 02:45:01] Staging new backups...
[2026-05-05 02:45:01] WARNING: git add failed — permission or permission issue
[2026-05-05 02:45:01] Pushing to GitHub...
fatal: detected dubious ownership in repository at '/opt/openclaw/data/workspace/backup_repo'
To add an exception for this directory, call:

	git config --global --add safe.directory /opt/openclaw/data/workspace/backup_repo
[2026-05-05 02:45:01] ERROR: Push failed — check SSH key or GitHub access
[2026-05-05 02:45:01] === GitHub Backup Sync Completed ===
[2026-05-05 02:45:01] Sending Telegram notification...
[2026-05-06 02:45:01] === GitHub Backup Sync Started ===
[2026-05-06 02:45:01] Checking Git config...
[2026-05-06 02:45:01] Staging new backups...
[2026-05-06 02:45:01] ✓ Files staged
[2026-05-06 02:45:01] ✓ No changes to commit
[2026-05-06 02:45:01] Pushing to GitHub...
Everything up-to-date
[2026-05-06 02:45:04] ✓ Push successful
[2026-05-06 02:45:04] === GitHub Backup Sync Completed ===
[2026-05-06 02:45:04] Sending Telegram notification...
[2026-05-07 02:45:01] === GitHub Backup Sync Started ===
[2026-05-07 02:45:01] Checking Git config...
[2026-05-07 02:45:01] Staging new backups...
[2026-05-07 02:45:03] ✓ Files staged
[2026-05-07 02:45:03] ✓ No changes to commit
[2026-05-07 02:45:03] Pushing to GitHub...
Everything up-to-date
[2026-05-07 02:45:05] ✓ Push successful
[2026-05-07 02:45:05] === GitHub Backup Sync Completed ===
[2026-05-07 02:45:05] Sending Telegram notification...
[2026-05-08 02:45:01] === GitHub Backup Sync Started ===
[2026-05-08 02:45:01] Checking Git config...
[2026-05-08 02:45:01] Staging new backups...
[2026-05-08 02:45:03] ✓ Files staged
[2026-05-08 02:45:03] ✓ No changes to commit
[2026-05-08 02:45:03] Pushing to GitHub...
Everything up-to-date
[2026-05-08 02:45:05] ✓ Push successful
[2026-05-08 02:45:05] === GitHub Backup Sync Completed ===
[2026-05-08 02:45:05] Sending Telegram notification...
[2026-05-09 02:45:01] === GitHub Backup Sync Started ===
[2026-05-09 02:45:01] Checking Git config...
[2026-05-09 02:45:01] Staging new backups...
[2026-05-09 02:45:03] ✓ Files staged
[2026-05-09 02:45:03] ✓ No changes to commit
[2026-05-09 02:45:03] Pushing to GitHub...
Everything up-to-date
[2026-05-09 02:45:05] ✓ Push successful
[2026-05-09 02:45:05] === GitHub Backup Sync Completed ===
[2026-05-09 02:45:05] Sending Telegram notification...
[2026-05-10 02:45:01] === GitHub Backup Sync Started ===
[2026-05-10 02:45:01] Checking Git config...
[2026-05-10 02:45:01] Staging new backups...
[2026-05-10 02:45:03] ✓ Files staged
[2026-05-10 02:45:03] ✓ No changes to commit
[2026-05-10 02:45:03] Pushing to GitHub...
Everything up-to-date
[2026-05-10 02:45:05] ✓ Push successful
[2026-05-10 02:45:05] === GitHub Backup Sync Completed ===
[2026-05-10 02:45:05] Sending Telegram notification...
[2026-05-11 02:45:01] === GitHub Backup Sync Started ===
[2026-05-11 02:45:01] Checking Git config...
[2026-05-11 02:45:01] Staging new backups...
[2026-05-11 02:45:03] ✓ Files staged
[2026-05-11 02:45:03] ✓ No changes to commit
[2026-05-11 02:45:03] Pushing to GitHub...
Everything up-to-date
[2026-05-11 02:45:05] ✓ Push successful
[2026-05-11 02:45:05] === GitHub Backup Sync Completed ===
[2026-05-11 02:45:05] Sending Telegram notification...
[2026-05-12 02:45:01] === GitHub Backup Sync Started ===
[2026-05-12 02:45:01] Checking Git config...
[2026-05-12 02:45:01] Staging new backups...
[2026-05-12 02:45:03] ✓ Files staged
[2026-05-12 02:45:03] ✓ No changes to commit
[2026-05-12 02:45:03] Pushing to GitHub...
Everything up-to-date
[2026-05-12 02:45:05] ✓ Push successful
[2026-05-12 02:45:05] === GitHub Backup Sync Completed ===
[2026-05-12 02:45:05] Sending Telegram notification...
[2026-05-13 02:45:01] === GitHub Backup Sync Started ===
[2026-05-13 02:45:01] Checking Git config...
[2026-05-13 02:45:01] Staging new backups...
[2026-05-13 02:45:03] ✓ Files staged
[2026-05-13 02:45:04] ✓ No changes to commit
[2026-05-13 02:45:04] Pushing to GitHub...
Everything up-to-date
[2026-05-13 02:45:06] ✓ Push successful
[2026-05-13 02:45:06] === GitHub Backup Sync Completed ===
[2026-05-13 02:45:06] Sending Telegram notification...
[2026-05-14 02:45:01] === GitHub Backup Sync Started ===
[2026-05-14 02:45:01] Checking Git config...
[2026-05-14 02:45:01] Staging new backups...
[2026-05-14 02:45:03] ✓ Files staged
[2026-05-14 02:45:03] ✓ No changes to commit
[2026-05-14 02:45:03] Pushing to GitHub...
Everything up-to-date
[2026-05-14 02:45:06] ✓ Push successful
[2026-05-14 02:45:06] === GitHub Backup Sync Completed ===
[2026-05-14 02:45:06] Sending Telegram notification...
[2026-05-15 02:45:01] === GitHub Backup Sync Started ===
[2026-05-15 02:45:01] Checking Git config...
[2026-05-15 02:45:01] Staging new backups...
[2026-05-15 02:45:04] ✓ Files staged
[2026-05-15 02:45:04] ✓ No changes to commit
[2026-05-15 02:45:04] Pushing to GitHub...
Everything up-to-date
[2026-05-15 02:45:06] ✓ Push successful
[2026-05-15 02:45:06] === GitHub Backup Sync Completed ===
[2026-05-15 02:45:06] Sending Telegram notification...
[2026-05-16 02:45:02] === GitHub Backup Sync Started ===
[2026-05-16 02:45:02] Checking Git config...
[2026-05-16 02:45:02] Staging new backups...
[2026-05-16 02:45:04] ✓ Files staged
[2026-05-16 02:45:04] ✓ No changes to commit
[2026-05-16 02:45:04] Pushing to GitHub...
Everything up-to-date
[2026-05-16 02:45:06] ✓ Push successful
[2026-05-16 02:45:06] === GitHub Backup Sync Completed ===
[2026-05-16 02:45:06] Sending Telegram notification...
[2026-05-17 02:45:01] === GitHub Backup Sync Started ===
[2026-05-17 02:45:01] Checking Git config...
[2026-05-17 02:45:01] Staging new backups...
[2026-05-17 02:45:03] ✓ Files staged
[2026-05-17 02:45:03] ✓ No changes to commit
[2026-05-17 02:45:03] Pushing to GitHub...
Everything up-to-date
[2026-05-17 02:45:06] ✓ Push successful
[2026-05-17 02:45:06] === GitHub Backup Sync Completed ===
[2026-05-17 02:45:06] Sending Telegram notification...
[2026-05-18 02:45:01] === GitHub Backup Sync Started ===
[2026-05-18 02:45:01] Checking Git config...
[2026-05-18 02:45:01] Staging new backups...
[2026-05-18 02:45:03] ✓ Files staged
[2026-05-18 02:45:03] ✓ No changes to commit
[2026-05-18 02:45:03] Pushing to GitHub...
Everything up-to-date
[2026-05-18 02:45:06] ✓ Push successful
[2026-05-18 02:45:06] === GitHub Backup Sync Completed ===
[2026-05-18 02:45:06] Sending Telegram notification...
[2026-05-19 02:45:01] === GitHub Backup Sync Started ===
[2026-05-19 02:45:01] Checking Git config...
[2026-05-19 02:45:01] Staging new backups...
[2026-05-19 02:45:04] ✓ Files staged
[2026-05-19 02:45:04] ✓ No changes to commit
[2026-05-19 02:45:04] Pushing to GitHub...
Everything up-to-date
[2026-05-19 02:45:06] ✓ Push successful
[2026-05-19 02:45:06] === GitHub Backup Sync Completed ===
[2026-05-19 02:45:06] Sending Telegram notification...
[2026-05-20 02:45:01] === GitHub Backup Sync Started ===
[2026-05-20 02:45:01] Checking Git config...
[2026-05-20 02:45:01] Staging new backups...
[2026-05-20 02:45:04] ✓ Files staged
[2026-05-20 02:45:04] ✓ No changes to commit
[2026-05-20 02:45:04] Pushing to GitHub...
Everything up-to-date
[2026-05-20 02:45:07] ✓ Push successful
[2026-05-20 02:45:07] === GitHub Backup Sync Completed ===
[2026-05-20 02:45:07] Sending Telegram notification...
[2026-05-21 02:45:01] === GitHub Backup Sync Started ===
[2026-05-21 02:45:01] Checking Git config...
[2026-05-21 02:45:01] Staging new backups...
[2026-05-21 02:45:03] ✓ Files staged
[2026-05-21 02:45:03] ✓ No changes to commit
[2026-05-21 02:45:03] Pushing to GitHub...
Everything up-to-date
[2026-05-21 02:45:06] ✓ Push successful
[2026-05-21 02:45:06] === GitHub Backup Sync Completed ===
[2026-05-21 02:45:06] Sending Telegram notification...
[2026-05-22 02:45:01] === GitHub Backup Sync Started ===
[2026-05-22 02:45:01] Checking Git config...
[2026-05-22 02:45:01] Staging new backups...
[2026-05-22 02:45:04] ✓ Files staged
[2026-05-22 02:45:04] ✓ No changes to commit
[2026-05-22 02:45:04] Pushing to GitHub...
Everything up-to-date
[2026-05-22 02:45:07] ✓ Push successful
[2026-05-22 02:45:07] === GitHub Backup Sync Completed ===
[2026-05-22 02:45:07] Sending Telegram notification...
[2026-05-23 02:45:01] === GitHub Backup Sync Started ===
[2026-05-23 02:45:01] Checking Git config...
[2026-05-23 02:45:01] Staging new backups...
[2026-05-23 02:45:03] ✓ Files staged
[2026-05-23 02:45:03] ✓ No changes to commit
[2026-05-23 02:45:03] Pushing to GitHub...
Everything up-to-date
[2026-05-23 02:45:06] ✓ Push successful
[2026-05-23 02:45:06] === GitHub Backup Sync Completed ===
[2026-05-23 02:45:06] Sending Telegram notification...
[2026-05-24 02:45:01] === GitHub Backup Sync Started ===
[2026-05-24 02:45:01] Checking Git config...
[2026-05-24 02:45:01] Staging new backups...
[2026-05-24 02:45:04] ✓ Files staged
[2026-05-24 02:45:04] ✓ No changes to commit
[2026-05-24 02:45:04] Pushing to GitHub...
Everything up-to-date
[2026-05-24 02:45:06] ✓ Push successful
[2026-05-24 02:45:06] === GitHub Backup Sync Completed ===
[2026-05-24 02:45:06] Sending Telegram notification...
[2026-05-25 02:45:01] === GitHub Backup Sync Started ===
[2026-05-25 02:45:01] Checking Git config...
[2026-05-25 02:45:01] Staging new backups...
[2026-05-25 02:45:04] ✓ Files staged
[2026-05-25 02:45:04] ✓ No changes to commit
[2026-05-25 02:45:04] Pushing to GitHub...
Everything up-to-date
[2026-05-25 02:45:06] ✓ Push successful
[2026-05-25 02:45:06] === GitHub Backup Sync Completed ===
[2026-05-25 02:45:06] Sending Telegram notification...
[2026-05-26 02:45:01] === GitHub Backup Sync Started ===
[2026-05-26 02:45:01] Checking Git config...
[2026-05-26 02:45:01] Staging new backups...
[2026-05-26 02:45:04] ✓ Files staged
[2026-05-26 02:45:04] ✓ No changes to commit
[2026-05-26 02:45:04] Pushing to GitHub...
Everything up-to-date
[2026-05-26 02:45:06] ✓ Push successful
[2026-05-26 02:45:06] === GitHub Backup Sync Completed ===
[2026-05-26 02:45:06] Sending Telegram notification...
[2026-05-27 02:45:01] === GitHub Backup Sync Started ===
[2026-05-27 02:45:01] Checking Git config...
[2026-05-27 02:45:01] Staging new backups...
[2026-05-27 02:45:04] ✓ Files staged
[2026-05-27 02:45:04] ✓ No changes to commit
[2026-05-27 02:45:04] Pushing to GitHub...
Everything up-to-date
[2026-05-27 02:45:07] ✓ Push successful
[2026-05-27 02:45:07] === GitHub Backup Sync Completed ===
[2026-05-27 02:45:07] Sending Telegram notification...
[2026-05-28 02:45:01] === GitHub Backup Sync Started ===
[2026-05-28 02:45:01] Checking Git config...
[2026-05-28 02:45:01] Staging new backups...
[2026-05-28 02:45:04] ✓ Files staged
[2026-05-28 02:45:04] ✓ No changes to commit
[2026-05-28 02:45:04] Pushing to GitHub...
Everything up-to-date
[2026-05-28 02:45:06] ✓ Push successful
[2026-05-28 02:45:06] === GitHub Backup Sync Completed ===
[2026-05-28 02:45:06] Sending Telegram notification...
[2026-05-29 02:45:01] === GitHub Backup Sync Started ===
[2026-05-29 02:45:01] Checking Git config...
[2026-05-29 02:45:01] Staging new backups...
[2026-05-29 02:45:04] ✓ Files staged
[2026-05-29 02:45:04] ✓ No changes to commit
[2026-05-29 02:45:04] Pushing to GitHub...
Everything up-to-date
[2026-05-29 02:45:07] ✓ Push successful
[2026-05-29 02:45:07] === GitHub Backup Sync Completed ===
[2026-05-29 02:45:07] Sending Telegram notification...
[2026-05-30 02:45:01] === GitHub Backup Sync Started ===
[2026-05-30 02:45:01] Checking Git config...
[2026-05-30 02:45:01] Staging new backups...
[2026-05-30 02:45:04] ✓ Files staged
[2026-05-30 02:45:04] ✓ No changes to commit
[2026-05-30 02:45:04] Pushing to GitHub...
Everything up-to-date
[2026-05-30 02:45:07] ✓ Push successful
[2026-05-30 02:45:07] === GitHub Backup Sync Completed ===
[2026-05-30 02:45:07] Sending Telegram notification...
[2026-05-31 02:45:01] === GitHub Backup Sync Started ===
[2026-05-31 02:45:01] Checking Git config...
[2026-05-31 02:45:01] Staging new backups...
[2026-05-31 02:45:04] ✓ Files staged
[2026-05-31 02:45:04] ✓ No changes to commit
[2026-05-31 02:45:04] Pushing to GitHub...
Everything up-to-date
[2026-05-31 02:45:07] ✓ Push successful
[2026-05-31 02:45:07] === GitHub Backup Sync Completed ===
[2026-05-31 02:45:07] Sending Telegram notification...
[2026-06-01 02:45:01] === GitHub Backup Sync Started ===
[2026-06-01 02:45:01] Checking Git config...
[2026-06-01 02:45:01] Staging new backups...
[2026-06-01 02:45:03] ✓ Files staged
[2026-06-01 02:45:03] ✓ No changes to commit
[2026-06-01 02:45:03] Pushing to GitHub...
Everything up-to-date
[2026-06-01 02:45:06] ✓ Push successful
[2026-06-01 02:45:06] === GitHub Backup Sync Completed ===
[2026-06-01 02:45:06] Sending Telegram notification...
[2026-06-02 02:45:01] === GitHub Backup Sync Started ===
[2026-06-02 02:45:01] Checking Git config...
[2026-06-02 02:45:01] Staging new backups...
[2026-06-02 02:45:04] ✓ Files staged
[2026-06-02 02:45:04] ✓ No changes to commit
[2026-06-02 02:45:04] Pushing to GitHub...
Everything up-to-date
[2026-06-02 02:45:06] ✓ Push successful
[2026-06-02 02:45:06] === GitHub Backup Sync Completed ===
[2026-06-02 02:45:06] Sending Telegram notification...
[2026-06-03 02:45:01] === GitHub Backup Sync Started ===
[2026-06-03 02:45:01] Checking Git config...
[2026-06-03 02:45:01] Staging new backups...
[2026-06-03 02:45:04] ✓ Files staged
[2026-06-03 02:45:04] ✓ No changes to commit
[2026-06-03 02:45:04] Pushing to GitHub...
Everything up-to-date
[2026-06-03 02:45:06] ✓ Push successful
[2026-06-03 02:45:06] === GitHub Backup Sync Completed ===
[2026-06-03 02:45:06] Sending Telegram notification...
[2026-06-04 02:45:01] === GitHub Backup Sync Started ===
[2026-06-04 02:45:01] Checking Git config...
[2026-06-04 02:45:01] Staging new backups...
[2026-06-04 02:45:04] ✓ Files staged
[2026-06-04 02:45:04] ✓ No changes to commit
[2026-06-04 02:45:04] Pushing to GitHub...
Everything up-to-date
[2026-06-04 02:45:07] ✓ Push successful
[2026-06-04 02:45:07] === GitHub Backup Sync Completed ===
[2026-06-04 02:45:07] Sending Telegram notification...
[2026-06-05 02:45:01] === GitHub Backup Sync Started ===
[2026-06-05 02:45:01] Checking Git config...
[2026-06-05 02:45:01] Staging new backups...
[2026-06-05 02:45:05] ✓ Files staged
[2026-06-05 02:45:05] ✓ No changes to commit
[2026-06-05 02:45:05] Pushing to GitHub...
Everything up-to-date
[2026-06-05 02:45:07] ✓ Push successful
[2026-06-05 02:45:07] === GitHub Backup Sync Completed ===
[2026-06-05 02:45:07] Sending Telegram notification...
[2026-06-06 02:45:01] === GitHub Backup Sync Started ===
[2026-06-06 02:45:01] Checking Git config...
[2026-06-06 02:45:01] Staging new backups...
[2026-06-06 02:45:04] ✓ Files staged
[2026-06-06 02:45:04] ✓ No changes to commit
[2026-06-06 02:45:04] Pushing to GitHub...
Everything up-to-date
[2026-06-06 02:45:06] ✓ Push successful
[2026-06-06 02:45:07] === GitHub Backup Sync Completed ===
[2026-06-06 02:45:07] Sending Telegram notification...
[2026-06-07 02:45:01] === GitHub Backup Sync Started ===
[2026-06-07 02:45:01] Checking Git config...
[2026-06-07 02:45:01] Staging new backups...
[2026-06-07 02:45:04] ✓ Files staged
[2026-06-07 02:45:04] ✓ No changes to commit
[2026-06-07 02:45:04] Pushing to GitHub...
Everything up-to-date
[2026-06-07 02:45:06] ✓ Push successful
[2026-06-07 02:45:06] === GitHub Backup Sync Completed ===
[2026-06-07 02:45:06] Sending Telegram notification...
[2026-06-08 02:45:01] === GitHub Backup Sync Started ===
[2026-06-08 02:45:01] Checking Git config...
[2026-06-08 02:45:01] Staging new backups...
[2026-06-08 02:45:04] ✓ Files staged
[2026-06-08 02:45:05] ✓ No changes to commit
[2026-06-08 02:45:05] Pushing to GitHub...
Everything up-to-date
[2026-06-08 02:45:07] ✓ Push successful
[2026-06-08 02:45:07] === GitHub Backup Sync Completed ===
[2026-06-08 02:45:07] Sending Telegram notification...
[2026-06-09 02:45:01] === GitHub Backup Sync Started ===
[2026-06-09 02:45:01] Checking Git config...
[2026-06-09 02:45:01] Staging new backups...
[2026-06-09 02:45:04] ✓ Files staged
[2026-06-09 02:45:04] ✓ No changes to commit
[2026-06-09 02:45:04] Pushing to GitHub...
Everything up-to-date
[2026-06-09 02:45:07] ✓ Push successful
[2026-06-09 02:45:07] === GitHub Backup Sync Completed ===
[2026-06-09 02:45:07] Sending Telegram notification...
[2026-06-10 02:45:01] === GitHub Backup Sync Started ===
[2026-06-10 02:45:01] Checking Git config...
[2026-06-10 02:45:01] Staging new backups...
[2026-06-10 02:45:04] ✓ Files staged
[2026-06-10 02:45:04] ✓ No changes to commit
[2026-06-10 02:45:04] Pushing to GitHub...
Everything up-to-date
[2026-06-10 02:45:07] ✓ Push successful
[2026-06-10 02:45:07] === GitHub Backup Sync Completed ===
[2026-06-10 02:45:07] Sending Telegram notification...
[2026-06-11 02:45:01] === GitHub Backup Sync Started ===
[2026-06-11 02:45:01] Checking Git config...
[2026-06-11 02:45:01] Staging new backups...
[2026-06-11 02:45:04] ✓ Files staged
[2026-06-11 02:45:04] ✓ No changes to commit
[2026-06-11 02:45:04] Pushing to GitHub...
Everything up-to-date
[2026-06-11 02:45:07] ✓ Push successful
[2026-06-11 02:45:07] === GitHub Backup Sync Completed ===
[2026-06-11 02:45:07] Sending Telegram notification...
[2026-06-12 02:45:01] === GitHub Backup Sync Started ===
[2026-06-12 02:45:01] Checking Git config...
[2026-06-12 02:45:01] Staging new backups...
[2026-06-12 02:45:04] ✓ Files staged
[2026-06-12 02:45:04] ✓ No changes to commit
[2026-06-12 02:45:04] Pushing to GitHub...
Everything up-to-date
[2026-06-12 02:45:06] ✓ Push successful
[2026-06-12 02:45:06] === GitHub Backup Sync Completed ===
[2026-06-12 02:45:06] Sending Telegram notification...
[2026-06-13 02:45:01] === GitHub Backup Sync Started ===
[2026-06-13 02:45:01] Checking Git config...
[2026-06-13 02:45:01] Staging new backups...
[2026-06-13 02:45:04] ✓ Files staged
[2026-06-13 02:45:04] ✓ No changes to commit
[2026-06-13 02:45:04] Pushing to GitHub...
Everything up-to-date
[2026-06-13 02:45:07] ✓ Push successful
[2026-06-13 02:45:07] === GitHub Backup Sync Completed ===
[2026-06-13 02:45:07] Sending Telegram notification...
[2026-06-14 02:45:01] === GitHub Backup Sync Started ===
[2026-06-14 02:45:01] Checking Git config...
[2026-06-14 02:45:01] Staging new backups...
[2026-06-14 02:45:04] ✓ Files staged
[2026-06-14 02:45:04] ✓ No changes to commit
[2026-06-14 02:45:04] Pushing to GitHub...
Everything up-to-date
[2026-06-14 02:45:07] ✓ Push successful
[2026-06-14 02:45:07] === GitHub Backup Sync Completed ===
[2026-06-14 02:45:07] Sending Telegram notification...
[2026-06-15 02:45:01] === GitHub Backup Sync Started ===
[2026-06-15 02:45:01] Checking Git config...
[2026-06-15 02:45:01] Staging new backups...
[2026-06-15 02:45:04] ✓ Files staged
[2026-06-15 02:45:05] ✓ No changes to commit
[2026-06-15 02:45:05] Pushing to GitHub...
Everything up-to-date
[2026-06-15 02:45:07] ✓ Push successful
[2026-06-15 02:45:07] === GitHub Backup Sync Completed ===
[2026-06-15 02:45:07] Sending Telegram notification...
[2026-06-16 02:45:01] === GitHub Backup Sync Started ===
[2026-06-16 02:45:01] Checking Git config...
[2026-06-16 02:45:01] Staging new backups...
[2026-06-16 02:45:04] ✓ Files staged
[2026-06-16 02:45:04] ✓ No changes to commit
[2026-06-16 02:45:04] Pushing to GitHub...
Everything up-to-date
[2026-06-16 02:45:07] ✓ Push successful
[2026-06-16 02:45:07] === GitHub Backup Sync Completed ===
[2026-06-16 02:45:07] Sending Telegram notification...
[2026-06-17 02:45:01] === GitHub Backup Sync Started ===
[2026-06-17 02:45:01] Checking Git config...
[2026-06-17 02:45:01] Staging new backups...
[2026-06-17 02:45:04] ✓ Files staged
[2026-06-17 02:45:05] ✓ No changes to commit
[2026-06-17 02:45:05] Pushing to GitHub...
Everything up-to-date
[2026-06-17 02:45:07] ✓ Push successful
[2026-06-17 02:45:07] === GitHub Backup Sync Completed ===
[2026-06-17 02:45:07] Sending Telegram notification...
[2026-06-18 02:45:01] === GitHub Backup Sync Started ===
[2026-06-18 02:45:01] Checking Git config...
[2026-06-18 02:45:01] Staging new backups...
[2026-06-18 02:45:04] ✓ Files staged
[2026-06-18 02:45:04] ✓ No changes to commit
[2026-06-18 02:45:04] Pushing to GitHub...
Everything up-to-date
[2026-06-18 02:45:07] ✓ Push successful
[2026-06-18 02:45:07] === GitHub Backup Sync Completed ===
[2026-06-18 02:45:07] Sending Telegram notification...
[2026-06-19 02:45:01] === GitHub Backup Sync Started ===
[2026-06-19 02:45:01] Checking Git config...
[2026-06-19 02:45:01] Staging new backups...
[2026-06-19 02:45:05] ✓ Files staged
[2026-06-19 02:45:05] ✓ No changes to commit
[2026-06-19 02:45:05] Pushing to GitHub...
Everything up-to-date
[2026-06-19 02:45:07] ✓ Push successful
[2026-06-19 02:45:07] === GitHub Backup Sync Completed ===
[2026-06-19 02:45:07] Sending Telegram notification...
[2026-06-20 02:45:01] === GitHub Backup Sync Started ===
[2026-06-20 02:45:01] Checking Git config...
[2026-06-20 02:45:01] Staging new backups...
[2026-06-20 02:45:05] ✓ Files staged
[2026-06-20 02:45:05] ✓ No changes to commit
[2026-06-20 02:45:05] Pushing to GitHub...
Everything up-to-date
[2026-06-20 02:45:07] ✓ Push successful
[2026-06-20 02:45:07] === GitHub Backup Sync Completed ===
[2026-06-20 02:45:07] Sending Telegram notification...
[2026-06-21 02:45:01] === GitHub Backup Sync Started ===
[2026-06-21 02:45:01] Checking Git config...
[2026-06-21 02:45:01] Staging new backups...
[2026-06-21 02:45:04] ✓ Files staged
[2026-06-21 02:45:04] ✓ No changes to commit
[2026-06-21 02:45:04] Pushing to GitHub...
Everything up-to-date
[2026-06-21 02:45:06] ✓ Push successful
[2026-06-21 02:45:06] === GitHub Backup Sync Completed ===
[2026-06-21 02:45:06] Sending Telegram notification...
[2026-06-22 02:45:01] === GitHub Backup Sync Started ===
[2026-06-22 02:45:01] Checking Git config...
[2026-06-22 02:45:01] Staging new backups...
[2026-06-22 02:45:03] ✓ Files staged
[2026-06-22 02:45:03] ✓ No changes to commit
[2026-06-22 02:45:03] Pushing to GitHub...
Everything up-to-date
[2026-06-22 02:45:06] ✓ Push successful
[2026-06-22 02:45:06] === GitHub Backup Sync Completed ===
[2026-06-22 02:45:06] Sending Telegram notification...
[2026-06-23 02:45:01] === GitHub Backup Sync Started ===
[2026-06-23 02:45:01] Checking Git config...
[2026-06-23 02:45:01] Staging new backups...
[2026-06-23 02:45:04] ✓ Files staged
[2026-06-23 02:45:04] ✓ No changes to commit
[2026-06-23 02:45:04] Pushing to GitHub...
Everything up-to-date
[2026-06-23 02:45:07] ✓ Push successful
[2026-06-23 02:45:07] === GitHub Backup Sync Completed ===
[2026-06-23 02:45:07] Sending Telegram notification...
[2026-06-24 02:45:01] === GitHub Backup Sync Started ===
[2026-06-24 02:45:01] Checking Git config...
[2026-06-24 02:45:01] Staging new backups...
[2026-06-24 02:45:04] ✓ Files staged
[2026-06-24 02:45:04] ✓ No changes to commit
[2026-06-24 02:45:04] Pushing to GitHub...
Everything up-to-date
[2026-06-24 02:45:06] ✓ Push successful
[2026-06-24 02:45:06] === GitHub Backup Sync Completed ===
[2026-06-24 02:45:06] Sending Telegram notification...
[2026-06-25 02:45:01] === GitHub Backup Sync Started ===
[2026-06-25 02:45:01] Checking Git config...
[2026-06-25 02:45:01] Staging new backups...
[2026-06-25 02:45:04] ✓ Files staged
[2026-06-25 02:45:04] ✓ No changes to commit
[2026-06-25 02:45:04] Pushing to GitHub...
Everything up-to-date
[2026-06-25 02:45:06] ✓ Push successful
[2026-06-25 02:45:06] === GitHub Backup Sync Completed ===
[2026-06-25 02:45:06] Sending Telegram notification...
[2026-06-26 02:45:01] === GitHub Backup Sync Started ===
[2026-06-26 02:45:01] Checking Git config...
[2026-06-26 02:45:01] Staging new backups...
[2026-06-26 02:45:04] ✓ Files staged
[2026-06-26 02:45:04] ✓ No changes to commit
[2026-06-26 02:45:04] Pushing to GitHub...
Everything up-to-date
[2026-06-26 02:45:07] ✓ Push successful
[2026-06-26 02:45:07] === GitHub Backup Sync Completed ===
[2026-06-26 02:45:07] Sending Telegram notification...
[2026-06-27 02:45:01] === GitHub Backup Sync Started ===
[2026-06-27 02:45:01] Checking Git config...
[2026-06-27 02:45:01] Staging new backups...
[2026-06-27 02:45:04] ✓ Files staged
[2026-06-27 02:45:04] ✓ No changes to commit
[2026-06-27 02:45:04] Pushing to GitHub...
Everything up-to-date
[2026-06-27 02:45:07] ✓ Push successful
[2026-06-27 02:45:07] === GitHub Backup Sync Completed ===
[2026-06-27 02:45:07] Sending Telegram notification...
[2026-06-28 02:45:01] === GitHub Backup Sync Started ===
[2026-06-28 02:45:01] Checking Git config...
[2026-06-28 02:45:01] Staging new backups...
[2026-06-28 02:45:05] ✓ Files staged
[2026-06-28 02:45:05] ✓ No changes to commit
[2026-06-28 02:45:05] Pushing to GitHub...
Everything up-to-date
[2026-06-28 02:45:08] ✓ Push successful
[2026-06-28 02:45:08] === GitHub Backup Sync Completed ===
[2026-06-28 02:45:08] Sending Telegram notification...
[2026-06-29 02:45:01] === GitHub Backup Sync Started ===
[2026-06-29 02:45:01] Checking Git config...
[2026-06-29 02:45:01] Staging new backups...
[2026-06-29 02:45:05] ✓ Files staged
[2026-06-29 02:45:05] ✓ No changes to commit
[2026-06-29 02:45:05] Pushing to GitHub...
Everything up-to-date
[2026-06-29 02:45:07] ✓ Push successful
[2026-06-29 02:45:07] === GitHub Backup Sync Completed ===
[2026-06-29 02:45:07] Sending Telegram notification...
[2026-06-30 02:45:01] === GitHub Backup Sync Started ===
[2026-06-30 02:45:01] Checking Git config...
[2026-06-30 02:45:01] Staging new backups...
[2026-06-30 02:45:04] ✓ Files staged
[2026-06-30 02:45:04] ✓ No changes to commit
[2026-06-30 02:45:04] Pushing to GitHub...
Everything up-to-date
[2026-06-30 02:45:07] ✓ Push successful
[2026-06-30 02:45:07] === GitHub Backup Sync Completed ===
[2026-06-30 02:45:07] Sending Telegram notification...
[2026-07-01 02:45:01] === GitHub Backup Sync Started ===
[2026-07-01 02:45:01] Checking Git config...
[2026-07-01 02:45:01] Staging new backups...
[2026-07-01 02:45:04] ✓ Files staged
[2026-07-01 02:45:04] ✓ No changes to commit
[2026-07-01 02:45:04] Pushing to GitHub...
Everything up-to-date
[2026-07-01 02:45:07] ✓ Push successful
[2026-07-01 02:45:07] === GitHub Backup Sync Completed ===
[2026-07-01 02:45:07] Sending Telegram notification...
[2026-07-02 02:45:01] === GitHub Backup Sync Started ===
[2026-07-02 02:45:01] Checking Git config...
[2026-07-02 02:45:01] Staging new backups...
[2026-07-02 02:45:05] ✓ Files staged
[2026-07-02 02:45:05] ✓ No changes to commit
[2026-07-02 02:45:05] Pushing to GitHub...
Everything up-to-date
[2026-07-02 02:45:07] ✓ Push successful
[2026-07-02 02:45:07] === GitHub Backup Sync Completed ===
[2026-07-02 02:45:07] Sending Telegram notification...
[2026-07-03 02:45:01] === GitHub Backup Sync Started ===
[2026-07-03 02:45:01] Checking Git config...
[2026-07-03 02:45:01] Staging new backups...
[2026-07-03 02:45:04] ✓ Files staged
[2026-07-03 02:45:04] ✓ No changes to commit
[2026-07-03 02:45:04] Pushing to GitHub...
Everything up-to-date
[2026-07-03 02:45:07] ✓ Push successful
[2026-07-03 02:45:07] === GitHub Backup Sync Completed ===
[2026-07-03 02:45:07] Sending Telegram notification...
[2026-07-04 02:45:01] === GitHub Backup Sync Started ===
[2026-07-04 02:45:01] Checking Git config...
[2026-07-04 02:45:01] Staging new backups...
[2026-07-04 02:45:05] ✓ Files staged
[2026-07-04 02:45:05] ✓ No changes to commit
[2026-07-04 02:45:05] Pushing to GitHub...
Everything up-to-date
[2026-07-04 02:45:07] ✓ Push successful
[2026-07-04 02:45:07] === GitHub Backup Sync Completed ===
[2026-07-04 02:45:07] Sending Telegram notification...
[2026-07-05 02:45:01] === GitHub Backup Sync Started ===
[2026-07-05 02:45:01] Checking Git config...
[2026-07-05 02:45:01] Staging new backups...
[2026-07-05 02:45:05] ✓ Files staged
[2026-07-05 02:45:05] ✓ No changes to commit
[2026-07-05 02:45:05] Pushing to GitHub...
Everything up-to-date
[2026-07-05 02:45:08] ✓ Push successful
[2026-07-05 02:45:08] === GitHub Backup Sync Completed ===
[2026-07-05 02:45:08] Sending Telegram notification...
