 - WARNING: No snapshots created in the last 24 hours. Manual snapshot triggered.\n2026-04-09 02:49:08 - === Starting backup validation ===
2026-04-09 02:49:08 - OK: MEMORY.md validated.
2026-04-09 02:49:08 - OK: AGENTS.md validated.
2026-04-09 02:49:08 - OK: TOOLS.md validated.
2026-04-09 02:49:08 - OK: HEARTBEAT.md validated.
2026-04-09 02:49:08 - OK: SOUL.md validated.
2026-04-09 02:49:08 - OK: USER.md validated.
2026-04-09 02:49:08 - OK: Snapshot script is executable.
2026-04-09 02:49:08 - OK: Backup directory exists at /home/node/.openclaw/backups.
2026-04-09 02:49:08 - OK: Recent snapshot found: snapshot-20260409-020013-manual_trigger.tar.gz.
2026-04-09 02:49:08 - Validation passed. All critical checks successful.
2026-04-09 03:49:10 - === Starting backup validation ===
2026-04-09 03:49:10 - OK: MEMORY.md validated.
2026-04-09 03:49:10 - OK: AGENTS.md validated.
2026-04-09 03:49:10 - OK: TOOLS.md validated.
2026-04-09 03:49:10 - OK: HEARTBEAT.md validated.
2026-04-09 03:49:10 - OK: SOUL.md validated.
2026-04-09 03:49:10 - OK: USER.md validated.
2026-04-09 03:49:10 - OK: Snapshot script is executable.
2026-04-09 03:49:10 - OK: Backup directory exists at /home/node/.openclaw/backups.
2026-04-09 03:49:10 - OK: Recent snapshot found: snapshot-20260409-020013-manual_trigger.tar.gz.
2026-04-09 03:49:10 - Validation passed. All critical checks successful.
2026-04-09 06:00:10 - === Starting backup validation ===
2026-04-09 06:00:10 - OK: MEMORY.md validated.
2026-04-09 06:00:10 - OK: AGENTS.md validated.
2026-04-09 06:00:10 - OK: TOOLS.md validated.
2026-04-09 06:00:10 - OK: HEARTBEAT.md validated.
2026-04-09 06:00:10 - OK: SOUL.md validated.
2026-04-09 06:00:10 - OK: USER.md validated.
2026-04-09 06:00:10 - OK: Snapshot script is executable.
2026-04-09 06:00:10 - OK: Backup directory exists at /home/node/.openclaw/backups.
2026-04-09 06:00:10 - OK: Recent snapshot found: snapshot-20260409-020013-manual_trigger.tar.gz.
2026-04-09 06:00:10 - Validation passed. All critical checks successful.
2026-04-09 16:00:26 - === Starting backup validation ===
2026-04-09 16:00:26 - OK: MEMORY.md validated.
2026-04-09 16:00:26 - OK: AGENTS.md validated.
2026-04-09 16:00:26 - OK: TOOLS.md validated.
2026-04-09 16:00:26 - OK: HEARTBEAT.md validated.
2026-04-09 16:00:26 - OK: SOUL.md validated.
2026-04-09 16:00:26 - OK: USER.md validated.
2026-04-09 16:00:26 - OK: Snapshot script is executable.
2026-04-09 16:00:26 - OK: Backup directory exists at /home/node/.openclaw/backups.
2026-04-09 16:00:26 - OK: Recent snapshot found: snapshot-20260409-020013-manual_trigger.tar.gz.
2026-04-09 16:00:26 - Validation passed. All critical checks successful.
2026-04-10 02:00:14 - === Starting backup validation ===
2026-04-10 02:00:14 - OK: MEMORY.md validated.
2026-04-10 02:00:14 - OK: AGENTS.md validated.
2026-04-10 02:00:14 - OK: TOOLS.md validated.
2026-04-10 02:00:14 - OK: HEARTBEAT.md validated.
2026-04-10 02:00:14 - OK: SOUL.md validated.
2026-04-10 02:00:14 - OK: USER.md validated.
2026-04-10 02:00:14 - OK: Snapshot script is executable.
2026-04-10 02:00:14 - OK: Backup directory exists at /home/node/.openclaw/backups.
2026-04-10 02:00:14 - WARNING: No snapshots created in the last 24 hours. Backup process may be failing.
2026-04-10 02:00:14 - Validation passed. All critical checks successful.
2026-04-10 04:00:13 - === Starting backup validation ===
2026-04-10 04:00:13 - OK: MEMORY.md validated.
2026-04-10 04:00:13 - OK: AGENTS.md validated.
2026-04-10 04:00:13 - OK: TOOLS.md validated.
2026-04-10 04:00:13 - OK: HEARTBEAT.md validated.
2026-04-10 04:00:13 - OK: SOUL.md validated.
2026-04-10 04:00:13 - OK: USER.md validated.
2026-04-10 04:00:13 - OK: Snapshot script is executable.
2026-04-10 04:00:13 - OK: Backup directory exists at /home/node/.openclaw/backups.
2026-04-10 04:00:13 - OK: Recent snapshot found: snapshot-20260410-020018-manual-heartbeat.tar.gz.
2026-04-10 04:00:13 - Validation passed. All critical checks successful.
2026-04-10 19:00:19 - === Starting backup validation ===
2026-04-10 19:00:19 - OK: MEMORY.md validated.
2026-04-10 19:00:19 - OK: AGENTS.md validated.
2026-04-10 19:00:19 - OK: TOOLS.md validated.
2026-04-10 19:00:19 - OK: HEARTBEAT.md validated.
2026-04-10 19:00:19 - OK: SOUL.md validated.
2026-04-10 19:00:19 - OK: USER.md validated.
2026-04-10 19:00:19 - OK: Snapshot script is executable.
2026-04-10 19:00:19 - OK: Backup directory exists at /home/node/.openclaw/backups.
2026-04-10 19:00:19 - OK: Recent snapshot found: snapshot-20260410-020018-manual-heartbeat.tar.gz.
2026-04-10 19:00:19 - Validation passed. All critical checks successful.
2026-04-10 22:00:16 - === Starting backup validation ===
2026-04-10 22:00:16 - OK: MEMORY.md validated.
2026-04-10 22:00:16 - OK: AGENTS.md validated.
2026-04-10 22:00:16 - OK: TOOLS.md validated.
2026-04-10 22:00:16 - OK: HEARTBEAT.md validated.
2026-04-10 22:00:16 - Snapshot triggered due to: manual_trigger
2026-04-10 22:00:16 - OK: SOUL.md validated.
2026-04-10 22:00:16 - OK: USER.md validated.
2026-04-10 22:00:16 - OK: Snapshot script is executable.
2026-04-10 22:00:16 - OK: Backup directory exists at /home/node/.openclaw/backups.
2026-04-10 22:00:16 - OK: Recent snapshot found: snapshot-20260410-020018-manual-heartbeat.tar.gz.
2026-04-10 22:00:16 - Validation passed. All critical checks successful.
2026-04-12 16:58:36 - === Starting backup validation ===
2026-04-12 16:58:36 - OK: MEMORY.md validated.
2026-04-12 16:58:36 - OK: AGENTS.md validated.
2026-04-12 16:58:36 - OK: TOOLS.md validated.
2026-04-12 16:58:36 - OK: HEARTBEAT.md validated.
2026-04-12 16:58:36 - OK: SOUL.md validated.
2026-04-12 16:58:36 - OK: USER.md validated.
2026-04-12 16:58:36 - OK: Snapshot script is executable.
2026-04-12 16:58:36 - OK: Backup directory exists at /home/node/.openclaw/backups.
2026-04-12 16:58:36 - WARNING: No snapshots created in the last 24 hours. Backup process may be failing.
2026-04-12 16:58:36 - Validation passed. All critical checks successful.
2026-04-12 17:58:36 - === Starting backup validation ===
2026-04-12 17:58:36 - OK: MEMORY.md validated.
2026-04-12 17:58:36 - OK: AGENTS.md validated.
2026-04-12 17:58:36 - OK: TOOLS.md validated.
2026-04-12 17:58:36 - OK: HEARTBEAT.md validated.
2026-04-12 17:58:36 - OK: SOUL.md validated.
2026-04-12 17:58:36 - OK: USER.md validated.
2026-04-12 17:58:36 - OK: Snapshot script is executable.
2026-04-12 17:58:36 - OK: Backup directory exists at /home/node/.openclaw/backups.
2026-04-12 17:58:36 - WARNING: No snapshots created in the last 24 hours. Backup process may be failing.
2026-04-12 17:58:36 - Validation passed. All critical checks successful.
2026-04-12 17:58:47 - === Starting backup validation ===
2026-04-12 17:58:47 - OK: MEMORY.md validated.
2026-04-12 17:58:47 - OK: AGENTS.md validated.
2026-04-12 17:58:47 - OK: TOOLS.md validated.
2026-04-12 17:58:47 - OK: HEARTBEAT.md validated.
2026-04-12 17:58:47 - OK: SOUL.md validated.
2026-04-12 17:58:47 - OK: USER.md validated.
2026-04-12 17:58:47 - OK: Snapshot script is executable.
2026-04-12 17:58:47 - OK: Backup directory exists at /home/node/.openclaw/backups.
2026-04-12 17:58:47 - WARNING: No snapshots created in the last 24 hours. Backup process may be failing.
2026-04-12 17:58:47 - Validation passed. All critical checks successful.
2026-04-12 17:58:58 - === Starting backup validation ===
2026-04-12 17:58:58 - OK: MEMORY.md validated.
2026-04-12 17:58:58 - OK: AGENTS.md validated.
2026-04-12 17:58:58 - OK: TOOLS.md validated.
2026-04-12 17:58:58 - OK: HEARTBEAT.md validated.
2026-04-12 17:58:58 - OK: SOUL.md validated.
2026-04-12 17:58:58 - OK: USER.md validated.
2026-04-12 17:58:58 - OK: Snapshot script is executable.
2026-04-12 17:58:58 - OK: Backup directory exists at /home/node/.openclaw/backups.
2026-04-12 17:58:58 - WARNING: No snapshots created in the last 24 hours. Backup process may be failing.
2026-04-12 17:58:58 - Validation passed. All critical checks successful.
2026-04-12 18:58:39 - === Starting backup validation ===
2026-04-12 18:58:39 - OK: MEMORY.md validated.
2026-04-12 18:58:39 - OK: AGENTS.md validated.
2026-04-12 18:58:39 - OK: TOOLS.md validated.
2026-04-12 18:58:39 - OK: HEARTBEAT.md validated.
2026-04-12 18:58:39 - OK: SOUL.md validated.
2026-04-12 18:58:39 - OK: USER.md validated.
2026-04-12 18:58:39 - OK: Snapshot script is executable.
2026-04-12 18:58:39 - OK: Backup directory exists at /home/node/.openclaw/backups.
2026-04-12 18:58:39 - WARNING: No snapshots created in the last 24 hours. Backup process may be failing.
2026-04-12 18:58:39 - Validation passed. All critical checks successful.
2026-04-12 18:58:51 - === Starting backup validation ===
2026-04-12 18:58:51 - OK: MEMORY.md validated.
2026-04-12 18:58:51 - OK: AGENTS.md validated.
2026-04-12 18:58:51 - OK: TOOLS.md validated.
2026-04-12 18:58:51 - OK: HEARTBEAT.md validated.
2026-04-12 18:58:51 - OK: SOUL.md validated.
2026-04-12 18:58:51 - OK: USER.md validated.
2026-04-12 18:58:51 - OK: Snapshot script is executable.
2026-04-12 18:58:51 - OK: Backup directory exists at /home/node/.openclaw/backups.
2026-04-12 18:58:51 - WARNING: No snapshots created in the last 24 hours. Backup process may be failing.
2026-04-12 18:58:51 - Validation passed. All critical checks successful.
2026-04-12 18:59:13 - === Starting backup validation ===
2026-04-12 18:59:13 - OK: MEMORY.md validated.
2026-04-12 18:59:13 - OK: AGENTS.md validated.
2026-04-12 18:59:13 - OK: TOOLS.md validated.
2026-04-12 18:59:13 - OK: HEARTBEAT.md validated.
2026-04-12 18:59:13 - OK: SOUL.md validated.
2026-04-12 18:59:13 - OK: USER.md validated.
2026-04-12 18:59:13 - OK: Snapshot script is executable.
2026-04-12 18:59:13 - OK: Backup directory exists at /home/node/.openclaw/backups.
2026-04-12 18:59:13 - WARNING: No snapshots created in the last 24 hours. Backup process may be failing.
2026-04-12 18:59:13 - Validation passed. All critical checks successful.
2026-04-12 19:58:44 - === Starting backup validation ===
2026-04-12 19:58:44 - OK: MEMORY.md validated.
2026-04-12 19:58:44 - OK: AGENTS.md validated.
2026-04-12 19:58:44 - OK: TOOLS.md validated.
2026-04-12 19:58:44 - OK: HEARTBEAT.md validated.
2026-04-12 19:58:44 - OK: SOUL.md validated.
2026-04-12 19:58:44 - OK: USER.md validated.
2026-04-12 19:58:44 - OK: Snapshot script is executable.
2026-04-12 19:58:44 - OK: Backup directory exists at /home/node/.openclaw/backups.
2026-04-12 19:58:44 - WARNING: No snapshots created in the last 24 hours. Backup process may be failing.
2026-04-12 19:58:44 - Validation passed. All critical checks successful.
2026-04-12 19:58:59 - === Starting backup validation ===
2026-04-12 19:58:59 - OK: MEMORY.md validated.
2026-04-12 19:58:59 - OK: AGENTS.md validated.
2026-04-12 19:58:59 - OK: TOOLS.md validated.
2026-04-12 19:58:59 - OK: HEARTBEAT.md validated.
2026-04-12 19:58:59 - OK: SOUL.md validated.
2026-04-12 19:58:59 - OK: USER.md validated.
2026-04-12 19:58:59 - OK: Snapshot script is executable.
2026-04-12 19:58:59 - OK: Backup directory exists at /home/node/.openclaw/backups.
2026-04-12 19:58:59 - WARNING: No snapshots created in the last 24 hours. Backup process may be failing.
2026-04-12 19:58:59 - Validation passed. All critical checks successful.
2026-04-12 19:59:11 - === Starting backup validation ===
2026-04-12 19:59:11 - OK: MEMORY.md validated.
2026-04-12 19:59:11 - OK: AGENTS.md validated.
2026-04-12 19:59:11 - OK: TOOLS.md validated.
2026-04-12 19:59:11 - OK: HEARTBEAT.md validated.
2026-04-12 19:59:11 - OK: SOUL.md validated.
2026-04-12 19:59:11 - OK: USER.md validated.
2026-04-12 19:59:11 - OK: Snapshot script is executable.
2026-04-12 19:59:11 - OK: Backup directory exists at /home/node/.openclaw/backups.
2026-04-12 19:59:11 - WARNING: No snapshots created in the last 24 hours. Backup process may be failing.
2026-04-12 19:59:11 - Validation passed. All critical checks successful.
2026-04-12 20:58:44 - === Starting backup validation ===
2026-04-12 20:58:44 - OK: MEMORY.md validated.
2026-04-12 20:58:44 - OK: AGENTS.md validated.
2026-04-12 20:58:44 - OK: TOOLS.md validated.
2026-04-12 20:58:44 - OK: HEARTBEAT.md validated.
2026-04-12 20:58:44 - OK: SOUL.md validated.
2026-04-12 20:58:44 - OK: USER.md validated.
2026-04-12 20:58:44 - OK: Snapshot script is executable.
2026-04-12 20:58:44 - OK: Backup directory exists at /home/node/.openclaw/backups.
2026-04-12 20:58:44 - WARNING: No snapshots created in the last 24 hours. Backup process may be failing.
2026-04-12 20:58:44 - Validation passed. All critical checks successful.
2026-04-12 20:59:01 - === Starting backup validation ===
2026-04-12 20:59:01 - OK: MEMORY.md validated.
2026-04-12 20:59:01 - OK: AGENTS.md validated.
2026-04-12 20:59:01 - OK: TOOLS.md validated.
2026-04-12 20:59:01 - OK: HEARTBEAT.md validated.
2026-04-12 20:59:01 - OK: SOUL.md validated.
2026-04-12 20:59:01 - OK: USER.md validated.
2026-04-12 20:59:01 - OK: Snapshot script is executable.
2026-04-12 20:59:01 - OK: Backup directory exists at /home/node/.openclaw/backups.
2026-04-12 20:59:01 - WARNING: No snapshots created in the last 24 hours. Backup process may be failing.
2026-04-12 20:59:01 - Validation passed. All critical checks successful.
2026-04-12 20:59:19 - === Starting backup validation ===
2026-04-12 20:59:19 - OK: MEMORY.md validated.
2026-04-12 20:59:19 - OK: AGENTS.md validated.
2026-04-12 20:59:19 - OK: TOOLS.md validated.
2026-04-12 20:59:19 - OK: HEARTBEAT.md validated.
2026-04-12 20:59:19 - OK: SOUL.md validated.
2026-04-12 20:59:19 - OK: USER.md validated.
2026-04-12 20:59:19 - OK: Snapshot script is executable.
2026-04-12 20:59:19 - OK: Backup directory exists at /home/node/.openclaw/backups.
2026-04-12 20:59:19 - WARNING: No snapshots created in the last 24 hours. Backup process may be failing.
2026-04-12 20:59:19 - Validation passed. All critical checks successful.
2026-04-12 20:59:38 - === Starting backup validation ===
2026-04-12 20:59:38 - OK: MEMORY.md validated.
2026-04-12 20:59:38 - OK: AGENTS.md validated.
2026-04-12 20:59:38 - OK: TOOLS.md validated.
2026-04-12 20:59:38 - OK: HEARTBEAT.md validated.
2026-04-12 20:59:38 - OK: SOUL.md validated.
2026-04-12 20:59:38 - OK: USER.md validated.
2026-04-12 20:59:38 - OK: Snapshot script is executable.
2026-04-12 20:59:38 - OK: Backup directory exists at /home/node/.openclaw/backups.
2026-04-12 20:59:38 - WARNING: No snapshots created in the last 24 hours. Backup process may be failing.
2026-04-12 20:59:38 - Validation passed. All critical checks successful.
2026-04-12 21:00:02 - === Starting backup validation ===
2026-04-12 21:00:02 - OK: MEMORY.md validated.
2026-04-12 21:00:02 - OK: AGENTS.md validated.
2026-04-12 21:00:02 - OK: TOOLS.md validated.
2026-04-12 21:00:02 - OK: HEARTBEAT.md validated.
2026-04-12 21:00:02 - OK: SOUL.md validated.
2026-04-12 21:00:02 - OK: USER.md validated.
2026-04-12 21:00:02 - OK: Snapshot script is executable.
2026-04-12 21:00:02 - OK: Backup directory exists at /home/node/.openclaw/backups.
2026-04-12 21:00:02 - WARNING: No snapshots created in the last 24 hours. Backup process may be failing.
2026-04-12 21:00:02 - Validation passed. All critical checks successful.
2026-04-12 21:58:46 - === Starting backup validation ===
2026-04-12 21:58:46 - OK: MEMORY.md validated.
2026-04-12 21:58:46 - OK: AGENTS.md validated.
2026-04-12 21:58:46 - OK: TOOLS.md validated.
2026-04-12 21:58:46 - OK: HEARTBEAT.md validated.
2026-04-12 21:58:46 - OK: SOUL.md validated.
2026-04-12 21:58:46 - OK: USER.md validated.
2026-04-12 21:58:46 - OK: Snapshot script is executable.
2026-04-12 21:58:46 - OK: Backup directory exists at /home/node/.openclaw/backups.
2026-04-12 21:58:46 - WARNING: No snapshots created in the last 24 hours. Backup process may be failing.
2026-04-12 21:58:46 - Validation passed. All critical checks successful.
2026-04-12 21:59:36 - === Starting backup validation ===
2026-04-12 21:59:36 - OK: MEMORY.md validated.
2026-04-12 21:59:36 - OK: AGENTS.md validated.
2026-04-12 21:59:36 - OK: TOOLS.md validated.
2026-04-12 21:59:36 - OK: HEARTBEAT.md validated.
2026-04-12 21:59:36 - OK: SOUL.md validated.
2026-04-12 21:59:36 - OK: USER.md validated.
2026-04-12 21:59:36 - OK: Snapshot script is executable.
2026-04-12 21:59:36 - OK: Backup directory exists at /home/node/.openclaw/backups.
2026-04-12 21:59:36 - WARNING: No snapshots created in the last 24 hours. Backup process may be failing.
2026-04-12 21:59:36 - Validation passed. All critical checks successful.
2026-04-12 22:58:50 - === Starting backup validation ===
2026-04-12 22:58:50 - OK: MEMORY.md validated.
2026-04-12 22:58:50 - OK: AGENTS.md validated.
2026-04-12 22:58:50 - OK: TOOLS.md validated.
2026-04-12 22:58:50 - OK: HEARTBEAT.md validated.
2026-04-12 22:58:50 - OK: SOUL.md validated.
2026-04-12 22:58:50 - OK: USER.md validated.
2026-04-12 22:58:50 - OK: Snapshot script is executable.
2026-04-12 22:58:50 - OK: Backup directory exists at /home/node/.openclaw/backups.
2026-04-12 22:58:50 - WARNING: No snapshots created in the last 24 hours. Backup process may be failing.
2026-04-12 22:58:50 - Validation passed. All critical checks successful.
2026-04-12 23:58:48 - === Starting backup validation ===
2026-04-12 23:58:48 - OK: MEMORY.md validated.
2026-04-12 23:58:48 - OK: AGENTS.md validated.
2026-04-12 23:58:48 - OK: TOOLS.md validated.
2026-04-12 23:58:48 - OK: HEARTBEAT.md validated.
2026-04-12 23:58:48 - OK: SOUL.md validated.
2026-04-12 23:58:48 - OK: USER.md validated.
2026-04-12 23:58:48 - OK: Snapshot script is executable.
2026-04-12 23:58:48 - OK: Backup directory exists at /home/node/.openclaw/backups.
2026-04-12 23:58:48 - WARNING: No snapshots created in the last 24 hours. Backup process may be failing.
2026-04-12 23:58:48 - Validation passed. All critical checks successful.
2026-04-13 00:58:52 - === Starting backup validation ===
2026-04-13 00:58:52 - OK: MEMORY.md validated.
2026-04-13 00:58:52 - OK: AGENTS.md validated.
2026-04-13 00:58:52 - OK: TOOLS.md validated.
2026-04-13 00:58:52 - OK: HEARTBEAT.md validated.
2026-04-13 00:58:52 - OK: SOUL.md validated.
2026-04-13 00:58:52 - OK: USER.md validated.
2026-04-13 00:58:52 - OK: Snapshot script is executable.
2026-04-13 00:58:52 - OK: Backup directory exists at /home/node/.openclaw/backups.
2026-04-13 00:58:52 - WARNING: No snapshots created in the last 24 hours. Backup process may be failing.
2026-04-13 00:58:52 - Validation passed. All critical checks successful.
2026-04-13 01:58:49 - === Starting backup validation ===
2026-04-13 01:58:49 - OK: MEMORY.md validated.
2026-04-13 01:58:49 - OK: AGENTS.md validated.
2026-04-13 01:58:49 - OK: TOOLS.md validated.
2026-04-13 01:58:49 - OK: HEARTBEAT.md validated.
2026-04-13 01:58:49 - OK: SOUL.md validated.
2026-04-13 01:58:49 - OK: USER.md validated.
2026-04-13 01:58:49 - OK: Snapshot script is executable.
2026-04-13 01:58:49 - OK: Backup directory exists at /home/node/.openclaw/backups.
2026-04-13 01:58:49 - WARNING: No snapshots created in the last 24 hours. Backup process may be failing.
2026-04-13 01:58:49 - Validation passed. All critical checks successful.
